#
# There is insufficient memory for the Java Runtime Environment to continue.
# Native memory allocation (malloc) failed to allocate 224016 bytes for Chunk::new
# Possible reasons:
#   The system is out of physical RAM or swap space
#   In 32 bit mode, the process size limit was hit
# Possible solutions:
#   Reduce memory load on the system
#   Increase physical memory or swap space
#   Check if swap backing store is full
#   Use 64 bit Java on a 64 bit OS
#   Decrease Java heap size (-Xmx/-Xms)
#   Decrease number of Java threads
#   Decrease Java thread stack sizes (-Xss)
#   Set larger code cache with -XX:ReservedCodeCacheSize=
# This output file may be truncated or incomplete.
#
#  Out of Memory Error (allocation.cpp:388), pid=12036, tid=8884
#
# JRE version: Java(TM) SE Runtime Environment (8.0-b132) (build 1.8.0-b132)
# Java VM: Java HotSpot(TM) 64-Bit Server VM (25.0-b70 mixed mode windows-amd64 compressed oops)
# Failed to write core dump. Minidumps are not enabled by default on client versions of Windows
#

---------------  T H R E A D  ---------------

Current thread (0x000000001535c000):  JavaThread "C2 CompilerThread1" daemon [_thread_in_native, id=8884, stack(0x0000000016d50000,0x0000000016e50000)]

Stack: [0x0000000016d50000,0x0000000016e50000]
[error occurred during error reporting (printing stack bounds), id 0xc0000005]

Native frames: (J=compiled Java code, j=interpreted, Vv=VM code, C=native code)
V  [jvm.dll+0x308e0a]


Current CompileTask:
C2:   5127 1582   !   4       com.android.dx.rop.cst.CstType::intern (48 bytes)


---------------  P R O C E S S  ---------------

Java Threads: ( => current thread )
  0x00000000166ab000 JavaThread "Service Thread" daemon [_thread_blocked, id=4696, stack(0x0000000016f50000,0x0000000017050000)]
  0x000000001535c800 JavaThread "C1 CompilerThread2" daemon [_thread_blocked, id=9728, stack(0x0000000016e50000,0x0000000016f50000)]
=>0x000000001535c000 JavaThread "C2 CompilerThread1" daemon [_thread_in_native, id=8884, stack(0x0000000016d50000,0x0000000016e50000)]
  0x0000000015311000 JavaThread "C2 CompilerThread0" daemon [_thread_blocked, id=10480, stack(0x0000000016c50000,0x0000000016d50000)]
  0x0000000015310000 JavaThread "Attach Listener" daemon [_thread_blocked, id=3632, stack(0x0000000016b50000,0x0000000016c50000)]
  0x0000000016693800 JavaThread "Signal Dispatcher" daemon [_thread_blocked, id=9776, stack(0x0000000016a50000,0x0000000016b50000)]
  0x0000000002c1f000 JavaThread "Finalizer" daemon [_thread_blocked, id=10084, stack(0x0000000016550000,0x0000000016650000)]
  0x0000000002c1c800 JavaThread "Reference Handler" daemon [_thread_blocked, id=10472, stack(0x0000000016450000,0x0000000016550000)]
  0x0000000002b2d800 JavaThread "main" [_thread_in_native, id=9980, stack(0x0000000002990000,0x0000000002a90000)]

Other Threads:
  0x00000000152c7000 VMThread [stack: 0x0000000016350000,0x0000000016450000] [id=9312]
  0x00000000166ad800 WatcherThread [stack: 0x0000000017050000,0x0000000017150000] [id=1568]

VM state:not at safepoint (normal execution)

VM Mutex/Monitor currently owned by a thread: None

Heap:
 PSYoungGen      total 15360K, used 13241K [0x00000000eab00000, 0x00000000ebd00000, 0x0000000100000000)
  eden space 12288K, 90% used [0x00000000eab00000,0x00000000eb5e6750,0x00000000eb700000)
  from space 3072K, 67% used [0x00000000eba00000,0x00000000ebc08010,0x00000000ebd00000)
  to   space 3072K, 0% used [0x00000000eb700000,0x00000000eb700000,0x00000000eba00000)
 ParOldGen       total 195072K, used 4009K [0x00000000c0000000, 0x00000000cbe80000, 0x00000000eab00000)
  object space 195072K, 2% used [0x00000000c0000000,0x00000000c03ea4a0,0x00000000cbe80000)
 Metaspace       used 6390K, capacity 7160K, committed 7424K, reserved 1056768K
  class space    used 647K, capacity 688K, committed 768K, reserved 1048576K

Card table byte_map: [0x0000000011ff0000,0x0000000012200000] byte_map_base: 0x00000000119f0000

Marking Bits: (ParMarkBitMap*) 0x000000006f5313b0
 Begin Bits: [0x0000000012760000, 0x0000000013760000)
 End Bits:   [0x0000000013760000, 0x0000000014760000)

Polling page: 0x0000000000e90000

CodeCache: size=245760Kb used=6579Kb max_used=6590Kb free=239180Kb
 bounds [0x0000000002c30000, 0x00000000032b0000, 0x0000000011c30000]
 total_blobs=1968 nmethods=1694 adapters=188
 compilation: enabled

Compilation events (10 events):
Event: 4.910 Thread 0x000000001535c800 nmethod 1578 0x0000000003240a50 code [0x0000000003240d20, 0x0000000003242518]
Event: 4.910 Thread 0x000000001535c800 1579       3       com.android.dx.dex.code.OutputFinisher::massageInstructions (89 bytes)
Event: 4.911 Thread 0x000000001535c800 nmethod 1579 0x0000000003243050 code [0x0000000003243280, 0x0000000003243e78]
Event: 4.911 Thread 0x000000001535c800 1580       3       com.android.dx.dex.code.form.Form21c::codeSize (2 bytes)
Event: 4.911 Thread 0x000000001535c800 nmethod 1580 0x0000000003237d50 code [0x0000000003237ea0, 0x0000000003237ff0]
Event: 4.911 Thread 0x000000001535c800 1581       1       com.android.dx.dex.file.Section::getFile (5 bytes)
Event: 4.911 Thread 0x000000001535c800 nmethod 1581 0x000000000323eb90 code [0x000000000323ece0, 0x000000000323edf0]
Event: 4.912 Thread 0x000000001535c000 1582   !   4       com.android.dx.rop.cst.CstType::intern (48 bytes)
Event: 4.913 Thread 0x000000001535c800 1583       3       com.android.dx.dex.code.DalvInsnList::makeImmutable (51 bytes)
Event: 4.914 Thread 0x000000001535c800 nmethod 1583 0x0000000003244750 code [0x00000000032449a0, 0x00000000032457d8]

GC Heap History (10 events):
Event: 0.825 GC heap before
{Heap before GC invocations=6 (full 0):
 PSYoungGen      total 2560K, used 2528K [0x00000000eab00000, 0x00000000eb200000, 0x0000000100000000)
  eden space 2048K, 99% used [0x00000000eab00000,0x00000000eacfe0b8,0x00000000ead00000)
  from space 512K, 95% used [0x00000000ead00000,0x00000000ead7a020,0x00000000ead80000)
  to   space 1536K, 0% used [0x00000000eb080000,0x00000000eb080000,0x00000000eb200000)
 ParOldGen       total 195072K, used 1440K [0x00000000c0000000, 0x00000000cbe80000, 0x00000000eab00000)
  object space 195072K, 0% used [0x00000000c0000000,0x00000000c01680b8,0x00000000cbe80000)
 Metaspace       used 4841K, capacity 5968K, committed 6272K, reserved 1056768K
  class space    used 539K, capacity 584K, committed 640K, reserved 1048576K
Event: 0.885 GC heap after
Heap after GC invocations=6 (full 0):
 PSYoungGen      total 5632K, used 1237K [0x00000000eab00000, 0x00000000eb200000, 0x0000000100000000)
  eden space 4096K, 0% used [0x00000000eab00000,0x00000000eab00000,0x00000000eaf00000)
  from space 1536K, 80% used [0x00000000eb080000,0x00000000eb1b5648,0x00000000eb200000)
  to   space 1536K, 0% used [0x00000000eaf00000,0x00000000eaf00000,0x00000000eb080000)
 ParOldGen       total 195072K, used 1440K [0x00000000c0000000, 0x00000000cbe80000, 0x00000000eab00000)
  object space 195072K, 0% used [0x00000000c0000000,0x00000000c01680b8,0x00000000cbe80000)
 Metaspace       used 4841K, capacity 5968K, committed 6272K, reserved 1056768K
  class space    used 539K, capacity 584K, committed 640K, reserved 1048576K
}
Event: 1.163 GC heap before
{Heap before GC invocations=7 (full 0):
 PSYoungGen      total 5632K, used 5333K [0x00000000eab00000, 0x00000000eb200000, 0x0000000100000000)
  eden space 4096K, 100% used [0x00000000eab00000,0x00000000eaf00000,0x00000000eaf00000)
  from space 1536K, 80% used [0x00000000eb080000,0x00000000eb1b5648,0x00000000eb200000)
  to   space 1536K, 0% used [0x00000000eaf00000,0x00000000eaf00000,0x00000000eb080000)
 ParOldGen       total 195072K, used 1440K [0x00000000c0000000, 0x00000000cbe80000, 0x00000000eab00000)
  object space 195072K, 0% used [0x00000000c0000000,0x00000000c01680b8,0x00000000cbe80000)
 Metaspace       used 5482K, capacity 6576K, committed 6784K, reserved 1056768K
  class space    used 589K, capacity 616K, committed 640K, reserved 1048576K
Event: 1.337 GC heap after
Heap after GC invocations=7 (full 0):
 PSYoungGen      total 5632K, used 1504K [0x00000000eab00000, 0x00000000eb700000, 0x0000000100000000)
  eden space 4096K, 0% used [0x00000000eab00000,0x00000000eab00000,0x00000000eaf00000)
  from space 1536K, 97% used [0x00000000eaf00000,0x00000000eb078018,0x00000000eb080000)
  to   space 2048K, 0% used [0x00000000eb500000,0x00000000eb500000,0x00000000eb700000)
 ParOldGen       total 195072K, used 1760K [0x00000000c0000000, 0x00000000cbe80000, 0x00000000eab00000)
  object space 195072K, 0% used [0x00000000c0000000,0x00000000c01b80f8,0x00000000cbe80000)
 Metaspace       used 5482K, capacity 6576K, committed 6784K, reserved 1056768K
  class space    used 589K, capacity 616K, committed 640K, reserved 1048576K
}
Event: 1.534 GC heap before
{Heap before GC invocations=8 (full 0):
 PSYoungGen      total 5632K, used 5600K [0x00000000eab00000, 0x00000000eb700000, 0x0000000100000000)
  eden space 4096K, 100% used [0x00000000eab00000,0x00000000eaf00000,0x00000000eaf00000)
  from space 1536K, 97% used [0x00000000eaf00000,0x00000000eb078018,0x00000000eb080000)
  to   space 2048K, 0% used [0x00000000eb500000,0x00000000eb500000,0x00000000eb700000)
 ParOldGen       total 195072K, used 1760K [0x00000000c0000000, 0x00000000cbe80000, 0x00000000eab00000)
  object space 195072K, 0% used [0x00000000c0000000,0x00000000c01b80f8,0x00000000cbe80000)
 Metaspace       used 5622K, capacity 6640K, committed 6784K, reserved 1056768K
  class space    used 590K, capacity 616K, committed 640K, reserved 1048576K
Event: 1.601 GC heap after
Heap after GC invocations=8 (full 0):
 PSYoungGen      total 9728K, used 1920K [0x00000000eab00000, 0x00000000eb800000, 0x0000000100000000)
  eden space 7680K, 0% used [0x00000000eab00000,0x00000000eab00000,0x00000000eb280000)
  from space 2048K, 93% used [0x00000000eb500000,0x00000000eb6e0238,0x00000000eb700000)
  to   space 2560K, 0% used [0x00000000eb280000,0x00000000eb280000,0x00000000eb500000)
 ParOldGen       total 195072K, used 1832K [0x00000000c0000000, 0x00000000cbe80000, 0x00000000eab00000)
  object space 195072K, 0% used [0x00000000c0000000,0x00000000c01ca108,0x00000000cbe80000)
 Metaspace       used 5622K, capacity 6640K, committed 6784K, reserved 1056768K
  class space    used 590K, capacity 616K, committed 640K, reserved 1048576K
}
Event: 1.855 GC heap before
{Heap before GC invocations=9 (full 0):
 PSYoungGen      total 9728K, used 9600K [0x00000000eab00000, 0x00000000eb800000, 0x0000000100000000)
  eden space 7680K, 100% used [0x00000000eab00000,0x00000000eb280000,0x00000000eb280000)
  from space 2048K, 93% used [0x00000000eb500000,0x00000000eb6e0238,0x00000000eb700000)
  to   space 2560K, 0% used [0x00000000eb280000,0x00000000eb280000,0x00000000eb500000)
 ParOldGen       total 195072K, used 1832K [0x00000000c0000000, 0x00000000cbe80000, 0x00000000eab00000)
  object space 195072K, 0% used [0x00000000c0000000,0x00000000c01ca108,0x00000000cbe80000)
 Metaspace       used 5768K, capacity 6768K, committed 7040K, reserved 1056768K
  class space    used 592K, capacity 616K, committed 640K, reserved 1048576K
Event: 1.901 GC heap after
Heap after GC invocations=9 (full 0):
 PSYoungGen      total 10240K, used 2544K [0x00000000eab00000, 0x00000000ebd00000, 0x0000000100000000)
  eden space 7680K, 0% used [0x00000000eab00000,0x00000000eab00000,0x00000000eb280000)
  from space 2560K, 99% used [0x00000000eb280000,0x00000000eb4fc138,0x00000000eb500000)
  to   space 3072K, 0% used [0x00000000eba00000,0x00000000eba00000,0x00000000ebd00000)
 ParOldGen       total 195072K, used 2577K [0x00000000c0000000, 0x00000000cbe80000, 0x00000000eab00000)
  object space 195072K, 1% used [0x00000000c0000000,0x00000000c0284648,0x00000000cbe80000)
 Metaspace       used 5768K, capacity 6768K, committed 7040K, reserved 1056768K
  class space    used 592K, capacity 616K, committed 640K, reserved 1048576K
}
Event: 2.333 GC heap before
{Heap before GC invocations=10 (full 0):
 PSYoungGen      total 10240K, used 10224K [0x00000000eab00000, 0x00000000ebd00000, 0x0000000100000000)
  eden space 7680K, 100% used [0x00000000eab00000,0x00000000eb280000,0x00000000eb280000)
  from space 2560K, 99% used [0x00000000eb280000,0x00000000eb4fc138,0x00000000eb500000)
  to   space 3072K, 0% used [0x00000000eba00000,0x00000000eba00000,0x00000000ebd00000)
 ParOldGen       total 195072K, used 2577K [0x00000000c0000000, 0x00000000cbe80000, 0x00000000eab00000)
  object space 195072K, 1% used [0x00000000c0000000,0x00000000c0284648,0x00000000cbe80000)
 Metaspace       used 5807K, capacity 6832K, committed 7040K, reserved 1056768K
  class space    used 592K, capacity 616K, committed 640K, reserved 1048576K
Event: 2.358 GC heap after
Heap after GC invocations=10 (full 0):
 PSYoungGen      total 15360K, used 2080K [0x00000000eab00000, 0x00000000ebd00000, 0x0000000100000000)
  eden space 12288K, 0% used [0x00000000eab00000,0x00000000eab00000,0x00000000eb700000)
  from space 3072K, 67% used [0x00000000eba00000,0x00000000ebc08010,0x00000000ebd00000)
  to   space 3072K, 0% used [0x00000000eb700000,0x00000000eb700000,0x00000000eba00000)
 ParOldGen       total 195072K, used 4009K [0x00000000c0000000, 0x00000000cbe80000, 0x00000000eab00000)
  object space 195072K, 2% used [0x00000000c0000000,0x00000000c03ea4a0,0x00000000cbe80000)
 Metaspace       used 5807K, capacity 6832K, committed 7040K, reserved 1056768K
  class space    used 592K, capacity 616K, committed 640K, reserved 1048576K
}

Deoptimization events (10 events):
Event: 4.060 Thread 0x0000000016806800 Uncommon trap: reason=bimorphic action=maybe_recompile pc=0x0000000002f29394 method=java.util.HashMap.getNode(ILjava/lang/Object;)Ljava/util/HashMap$Node; @ 126
Event: 4.060 Thread 0x0000000016806800 Uncommon trap: reason=bimorphic action=maybe_recompile pc=0x0000000002e4a008 method=java.util.HashMap.getNode(ILjava/lang/Object;)Ljava/util/HashMap$Node; @ 126
Event: 4.060 Thread 0x0000000016806800 Uncommon trap: reason=class_check action=maybe_recompile pc=0x0000000003107370 method=java.util.HashMap.putVal(ILjava/lang/Object;Ljava/lang/Object;ZZ)Ljava/lang/Object; @ 203
Event: 4.076 Thread 0x0000000016806800 Uncommon trap: reason=class_check action=maybe_recompile pc=0x0000000003107370 method=java.util.HashMap.putVal(ILjava/lang/Object;Ljava/lang/Object;ZZ)Ljava/lang/Object; @ 203
Event: 4.076 Thread 0x0000000016806800 Uncommon trap: reason=class_check action=maybe_recompile pc=0x0000000003107370 method=java.util.HashMap.putVal(ILjava/lang/Object;Ljava/lang/Object;ZZ)Ljava/lang/Object; @ 203
Event: 4.076 Thread 0x0000000016806800 Uncommon trap: reason=class_check action=maybe_recompile pc=0x0000000003107370 method=java.util.HashMap.putVal(ILjava/lang/Object;Ljava/lang/Object;ZZ)Ljava/lang/Object; @ 203
Event: 4.118 Thread 0x0000000016806800 Uncommon trap: reason=bimorphic action=maybe_recompile pc=0x00000000031c9f08 method=java.util.HashMap.putVal(ILjava/lang/Object;Ljava/lang/Object;ZZ)Ljava/lang/Object; @ 203
Event: 4.119 Thread 0x0000000016806800 Uncommon trap: reason=bimorphic action=maybe_recompile pc=0x00000000031c9f08 method=java.util.HashMap.putVal(ILjava/lang/Object;Ljava/lang/Object;ZZ)Ljava/lang/Object; @ 203
Event: 4.119 Thread 0x0000000016806800 Uncommon trap: reason=bimorphic action=maybe_recompile pc=0x00000000031c9f08 method=java.util.HashMap.putVal(ILjava/lang/Object;Ljava/lang/Object;ZZ)Ljava/lang/Object; @ 203
Event: 4.119 Thread 0x0000000016806800 Uncommon trap: reason=bimorphic action=maybe_recompile pc=0x00000000031c9f08 method=java.util.HashMap.putVal(ILjava/lang/Object;Ljava/lang/Object;ZZ)Ljava/lang/Object; @ 203

Internal exceptions (10 events):
Event: 4.268 Thread 0x0000000016806800 Exception <a 'java/security/PrivilegedActionException'> (0x00000000eb3be3e8) thrown at [D:\re\workspace\8-2-build-windows-amd64-cygwin\jdk8\2238\hotspot\src\share\vm\prims\jvm.cpp, line 1248]
Event: 4.270 Thread 0x0000000016806800 Exception <a 'java/security/PrivilegedActionException'> (0x00000000eb3c3528) thrown at [D:\re\workspace\8-2-build-windows-amd64-cygwin\jdk8\2238\hotspot\src\share\vm\prims\jvm.cpp, line 1248]
Event: 4.447 Thread 0x0000000016806800 Exception <a 'java/security/PrivilegedActionException'> (0x00000000eb3c7e28) thrown at [D:\re\workspace\8-2-build-windows-amd64-cygwin\jdk8\2238\hotspot\src\share\vm\prims\jvm.cpp, line 1248]
Event: 4.448 Thread 0x0000000016806800 Exception <a 'java/security/PrivilegedActionException'> (0x00000000eb3cc8f0) thrown at [D:\re\workspace\8-2-build-windows-amd64-cygwin\jdk8\2238\hotspot\src\share\vm\prims\jvm.cpp, line 1248]
Event: 4.448 Thread 0x0000000016806800 Exception <a 'java/security/PrivilegedActionException'> (0x00000000eb3d1648) thrown at [D:\re\workspace\8-2-build-windows-amd64-cygwin\jdk8\2238\hotspot\src\share\vm\prims\jvm.cpp, line 1248]
Event: 4.449 Thread 0x0000000016806800 Exception <a 'java/security/PrivilegedActionException'> (0x00000000eb3d5c20) thrown at [D:\re\workspace\8-2-build-windows-amd64-cygwin\jdk8\2238\hotspot\src\share\vm\prims\jvm.cpp, line 1248]
Event: 4.455 Thread 0x0000000016806800 Exception <a 'java/security/PrivilegedActionException'> (0x00000000eb3e4510) thrown at [D:\re\workspace\8-2-build-windows-amd64-cygwin\jdk8\2238\hotspot\src\share\vm\prims\jvm.cpp, line 1248]
Event: 4.457 Thread 0x0000000016806800 Exception <a 'java/security/PrivilegedActionException'> (0x00000000eb3e7808) thrown at [D:\re\workspace\8-2-build-windows-amd64-cygwin\jdk8\2238\hotspot\src\share\vm\prims\jvm.cpp, line 1248]
Event: 4.457 Thread 0x0000000016806800 Exception <a 'java/security/PrivilegedActionException'> (0x00000000eb3ea8d8) thrown at [D:\re\workspace\8-2-build-windows-amd64-cygwin\jdk8\2238\hotspot\src\share\vm\prims\jvm.cpp, line 1248]
Event: 4.462 Thread 0x0000000016806800 Exception <a 'java/security/PrivilegedActionException'> (0x00000000eb3f4bd8) thrown at [D:\re\workspace\8-2-build-windows-amd64-cygwin\jdk8\2238\hotspot\src\share\vm\prims\jvm.cpp, line 1248]

Events (10 events):
Event: 4.449 loading class com/android/dx/dex/code/CatchTable
Event: 4.449 loading class com/android/dx/dex/code/CatchTable done
Event: 4.455 loading class com/android/dx/dex/code/CatchHandlerList$Entry
Event: 4.455 loading class com/android/dx/dex/code/CatchHandlerList$Entry done
Event: 4.457 loading class com/android/dx/dex/code/CatchTable$Entry
Event: 4.457 loading class com/android/dx/dex/code/CatchTable$Entry done
Event: 4.457 loading class com/android/dx/util/ByteArrayAnnotatedOutput
Event: 4.457 loading class com/android/dx/util/ByteArrayAnnotatedOutput done
Event: 4.462 loading class com/android/dx/rop/code/RegisterSpecList$Expander
Event: 4.462 loading class com/android/dx/rop/code/RegisterSpecList$Expander done


Dynamic libraries:
0x00007ff793f00000 - 0x00007ff793f34000 	C:\Program Files\Java\jdk1.8.0\bin\java.exe
0x00007ff8d4270000 - 0x00007ff8d4441000 	C:\WINDOWS\SYSTEM32\ntdll.dll
0x00007ff8d3a20000 - 0x00007ff8d3acb000 	C:\WINDOWS\System32\KERNEL32.DLL
0x00007ff8d1240000 - 0x00007ff8d145d000 	C:\WINDOWS\System32\KERNELBASE.dll
0x00007ff8d33e0000 - 0x00007ff8d3482000 	C:\WINDOWS\System32\ADVAPI32.dll
0x00007ff8d3bf0000 - 0x00007ff8d3c8e000 	C:\WINDOWS\System32\msvcrt.dll
0x00007ff8d3380000 - 0x00007ff8d33d9000 	C:\WINDOWS\System32\sechost.dll
0x00007ff8d30d0000 - 0x00007ff8d31f1000 	C:\WINDOWS\System32\RPCRT4.dll
0x00007ff8d3200000 - 0x00007ff8d3365000 	C:\WINDOWS\System32\USER32.dll
0x00007ff8d1120000 - 0x00007ff8d113e000 	C:\WINDOWS\System32\win32u.dll
0x00007ff8d4230000 - 0x00007ff8d4264000 	C:\WINDOWS\System32\GDI32.dll
0x00007ff8d0ef0000 - 0x00007ff8d1072000 	C:\WINDOWS\System32\gdi32full.dll
0x00007ff8c7860000 - 0x00007ff8c7ad9000 	C:\WINDOWS\WinSxS\amd64_microsoft.windows.common-controls_6595b64144ccf1df_6.0.14393.0_none_2d0f50fcbdb171b8\COMCTL32.dll
0x00007ff8d2dd0000 - 0x00007ff8d3097000 	C:\WINDOWS\System32\combase.dll
0x00007ff8d1140000 - 0x00007ff8d1235000 	C:\WINDOWS\System32\ucrtbase.dll
0x00007ff8d1740000 - 0x00007ff8d17aa000 	C:\WINDOWS\System32\bcryptPrimitives.dll
0x00007ff8d30a0000 - 0x00007ff8d30ce000 	C:\WINDOWS\System32\IMM32.DLL
0x000000006f5b0000 - 0x000000006f682000 	C:\Program Files\Java\jdk1.8.0\jre\bin\msvcr100.dll
0x000000006ed80000 - 0x000000006f5aa000 	C:\Program Files\Java\jdk1.8.0\jre\bin\server\jvm.dll
0x00007ff8d3d90000 - 0x00007ff8d3d98000 	C:\WINDOWS\System32\PSAPI.DLL
0x00007ff8b8bf0000 - 0x00007ff8b8bf9000 	C:\WINDOWS\SYSTEM32\WSOCK32.dll
0x00007ff8d3ae0000 - 0x00007ff8d3b4a000 	C:\WINDOWS\System32\WS2_32.dll
0x00007ff8ce670000 - 0x00007ff8ce693000 	C:\WINDOWS\SYSTEM32\WINMM.dll
0x00007ff8ce640000 - 0x00007ff8ce66b000 	C:\WINDOWS\SYSTEM32\WINMMBASE.dll
0x00007ff8d17b0000 - 0x00007ff8d17f2000 	C:\WINDOWS\System32\cfgmgr32.dll
0x000000006ed70000 - 0x000000006ed7f000 	C:\Program Files\Java\jdk1.8.0\jre\bin\verify.dll
0x000000006ed40000 - 0x000000006ed68000 	C:\Program Files\Java\jdk1.8.0\jre\bin\java.dll
0x000000006ed20000 - 0x000000006ed36000 	C:\Program Files\Java\jdk1.8.0\jre\bin\zip.dll
0x00007ff8d1800000 - 0x00007ff8d2d08000 	C:\WINDOWS\System32\SHELL32.dll
0x00007ff8d0810000 - 0x00007ff8d0eea000 	C:\WINDOWS\System32\windows.storage.dll
0x00007ff8d0710000 - 0x00007ff8d075c000 	C:\WINDOWS\System32\powrprof.dll
0x00007ff8d41d0000 - 0x00007ff8d4222000 	C:\WINDOWS\System32\shlwapi.dll
0x00007ff8d06d0000 - 0x00007ff8d06df000 	C:\WINDOWS\System32\kernel.appcore.dll
0x00007ff8d0760000 - 0x00007ff8d0809000 	C:\WINDOWS\System32\shcore.dll
0x00007ff8d06e0000 - 0x00007ff8d06f4000 	C:\WINDOWS\System32\profapi.dll

VM Arguments:
jvm_args: -Djava.awt.headless=true -Xmx1024M -Dfile.encoding=GBK -Duser.country=CN -Duser.language=zh -Duser.variant 
java_command: com.android.dx.command.Main --dex --force-jumbo --num-threads=4 --multi-dex --output C:\Users\Administrator\AndroidStudioProjects\gongda\app\build\intermediates\transforms\dex\debug\folders\1000\10\butterknife-7.0.1_fc861cbde294a7e4a9efd57936d766cb077b60e2 C:\Users\Administrator\.gradle\caches\modules-2\files-2.1\com.jakewharton\butterknife\7.0.1\d5d13ea991eab0252e3710e5df3d6a9d4b21d461\butterknife-7.0.1.jar
java_class_path (initial): D:\android-sdk-windows\build-tools\24.0.1\lib\dx.jar
Launcher Type: SUN_STANDARD

Environment Variables:
JAVA_HOME=C:\Program Files\Java\jdk1.8.0
CLASSPATH=.;C:\Program Files\Java\jdk1.8.0\lib\dt.jar;C:\Program Files\Java\jdk1.8.0\lib\tools.jar;
PATH=
[error occurred during error reporting (printing environment variables), id 0xc0000005]



---------------  S Y S T E M  ---------------

OS: Windows 8.1 , 64 bit Build 9600 

CPU:total 4 (2 cores per cpu, 2 threads per core) family 6 model 60 stepping 3, cmov, cx8, fxsr, mmx, sse, sse2, sse3, ssse3, sse4.1, sse4.2, popcnt, avx, avx2, aes, clmul, erms, ht, tsc, tscinvbit

Memory: 4k page, physical 12469232k(2447764k free), swap 12469232k(2344k free)

vm_info: Java HotSpot(TM) 64-Bit Server VM (25.0-b70) for windows-amd64 JRE (1.8.0-b132), built on Mar  4 2014 03:46:18 by "java_re" with MS VC++ 10.0 (VS2010)

time: Fri Sep 30 19:44:44 2016
elapsed time: 5 seconds

