#
# There is insufficient memory for the Java Runtime Environment to continue.
# Native memory allocation (malloc) failed to allocate 1776496 bytes for Chunk::new
# Possible reasons:
#   The system is out of physical RAM or swap space
#   In 32 bit mode, the process size limit was hit
# Possible solutions:
#   Reduce memory load on the system
#   Increase physical memory or swap space
#   Check if swap backing store is full
#   Use 64 bit Java on a 64 bit OS
#   Decrease Java heap size (-Xmx/-Xms)
#   Decrease number of Java threads
#   Decrease Java thread stack sizes (-Xss)
#   Set larger code cache with -XX:ReservedCodeCacheSize=
# This output file may be truncated or incomplete.
#
#  Out of Memory Error (allocation.cpp:388), pid=11576, tid=11676
#
# JRE version: Java(TM) SE Runtime Environment (8.0-b132) (build 1.8.0-b132)
# Java VM: Java HotSpot(TM) 64-Bit Server VM (25.0-b70 mixed mode windows-amd64 compressed oops)
# Failed to write core dump. Minidumps are not enabled by default on client versions of Windows
#

---------------  T H R E A D  ---------------

Current thread (0x0000000015781000):  JavaThread "C2 CompilerThread0" daemon [_thread_in_native, id=11676, stack(0x00000000170f0000,0x00000000171f0000)]

Stack: [0x00000000170f0000,0x00000000171f0000]
Native frames: (J=compiled Java code, j=interpreted, Vv=VM code, C=native code)
V  [jvm.dll+0x308e0a]
V  [jvm.dll+0x25df11]
V  [jvm.dll+0x25eb2f]
V  [jvm.dll+0x256505]
V  [jvm.dll+0xbcff5]
V  [jvm.dll+0xbd48c]
V  [jvm.dll+0x44d442]
V  [jvm.dll+0x48e15f]
V  [jvm.dll+0x442095]
V  [jvm.dll+0x44368b]
V  [jvm.dll+0x427552]
V  [jvm.dll+0x96732]
V  [jvm.dll+0x96f23]
V  [jvm.dll+0x2232e4]
V  [jvm.dll+0x27baea]
C  [msvcr100.dll+0x21d9f]
C  [msvcr100.dll+0x21e3b]
C  [KERNEL32.DLL+0x8364]
C  [ntdll.dll+0x65e91]


Current CompileTask:
C2:   4940 1723   !   4       com.android.dx.cf.code.BytecodeArray::parseInstruction (2764 bytes)


---------------  P R O C E S S  ---------------

Java Threads: ( => current thread )
  0x0000000016d6b800 JavaThread "pool-2-thread-4" [_thread_blocked, id=9904, stack(0x00000000179f0000,0x0000000017af0000)]
  0x0000000016d6a800 JavaThread "pool-2-thread-3" [_thread_blocked, id=8760, stack(0x00000000178f0000,0x00000000179f0000)]
  0x0000000016d69800 JavaThread "pool-2-thread-2" [_thread_blocked, id=11660, stack(0x00000000177f0000,0x00000000178f0000)]
  0x0000000016d68000 JavaThread "pool-3-thread-1" [_thread_blocked, id=9236, stack(0x00000000176f0000,0x00000000177f0000)]
  0x0000000016d67000 JavaThread "pool-2-thread-1" [_thread_in_vm, id=6260, stack(0x00000000175f0000,0x00000000176f0000)]
  0x0000000016b52800 JavaThread "Service Thread" daemon [_thread_blocked, id=7040, stack(0x00000000173f0000,0x00000000174f0000)]
  0x00000000157ce800 JavaThread "C1 CompilerThread2" daemon [_thread_in_native, id=11524, stack(0x00000000172f0000,0x00000000173f0000)]
  0x000000001578e000 JavaThread "C2 CompilerThread1" daemon [_thread_in_native, id=9120, stack(0x00000000171f0000,0x00000000172f0000)]
=>0x0000000015781000 JavaThread "C2 CompilerThread0" daemon [_thread_in_native, id=11676, stack(0x00000000170f0000,0x00000000171f0000)]
  0x0000000015780000 JavaThread "Attach Listener" daemon [_thread_blocked, id=2476, stack(0x0000000016ff0000,0x00000000170f0000)]
  0x0000000016b33800 JavaThread "Signal Dispatcher" daemon [_thread_blocked, id=9924, stack(0x0000000016ef0000,0x0000000016ff0000)]
  0x000000000308f000 JavaThread "Finalizer" daemon [_thread_blocked, id=1256, stack(0x00000000169f0000,0x0000000016af0000)]
  0x000000000308c800 JavaThread "Reference Handler" daemon [_thread_blocked, id=4660, stack(0x00000000168f0000,0x00000000169f0000)]
  0x0000000002f9d800 JavaThread "main" [_thread_in_Java, id=8316, stack(0x0000000002df0000,0x0000000002ef0000)]

Other Threads:
  0x0000000015737000 VMThread [stack: 0x00000000167f0000,0x00000000168f0000] [id=10044]
  0x0000000016b59000 WatcherThread [stack: 0x00000000174f0000,0x00000000175f0000] [id=6420]

VM state:not at safepoint (normal execution)

VM Mutex/Monitor currently owned by a thread: None

Heap:
 PSYoungGen      total 39424K, used 7931K [0x00000000eab00000, 0x00000000eda00000, 0x0000000100000000)
  eden space 33792K, 6% used [0x00000000eab00000,0x00000000ead3ed98,0x00000000ecc00000)
  from space 5632K, 100% used [0x00000000ed280000,0x00000000ed800000,0x00000000ed800000)
  to   space 6656K, 0% used [0x00000000ecc00000,0x00000000ecc00000,0x00000000ed280000)
 ParOldGen       total 195072K, used 20870K [0x00000000c0000000, 0x00000000cbe80000, 0x00000000eab00000)
  object space 195072K, 10% used [0x00000000c0000000,0x00000000c1461850,0x00000000cbe80000)
 Metaspace       used 6037K, capacity 6936K, committed 7168K, reserved 1056768K
  class space    used 612K, capacity 656K, committed 768K, reserved 1048576K

Card table byte_map: [0x0000000012460000,0x0000000012670000] byte_map_base: 0x0000000011e60000

Marking Bits: (ParMarkBitMap*) 0x000000006f5313b0
 Begin Bits: [0x0000000012bd0000, 0x0000000013bd0000)
 End Bits:   [0x0000000013bd0000, 0x0000000014bd0000)

Polling page: 0x0000000001060000

CodeCache: size=245760Kb used=7388Kb max_used=7388Kb free=238371Kb
 bounds [0x00000000030a0000, 0x00000000037e0000, 0x00000000120a0000]
 total_blobs=1992 nmethods=1726 adapters=180
 compilation: enabled

Compilation events (10 events):
Event: 4.704 Thread 0x00000000157ce800 1738   !   2       com.android.dx.cf.code.RopperMachine::run (1550 bytes)
Event: 4.707 Thread 0x0000000015781000 nmethod 1718 0x00000000037adbd0 code [0x00000000037adda0, 0x00000000037ae560]
Event: 4.707 Thread 0x0000000015781000 1723   !   4       com.android.dx.cf.code.BytecodeArray::parseInstruction (2764 bytes)
Event: 4.716 Thread 0x00000000157ce800 nmethod 1738 0x00000000037c5cd0 code [0x00000000037c6700, 0x00000000037cb468]
Event: 4.729 Thread 0x00000000157ce800 1739 %     3       com.android.dx.ssa.SsaConverter::placePhiFunctions @ 131 (394 bytes)
Event: 4.732 Thread 0x00000000157ce800 nmethod 1739% 0x00000000037d4e90 code [0x00000000037d5420, 0x00000000037d8a88]
Event: 4.733 Thread 0x00000000157ce800 1740       2       com.android.dx.ssa.SsaBasicBlock::addPhiInsnForReg (18 bytes)
Event: 4.734 Thread 0x00000000157ce800 nmethod 1740 0x0000000003781a10 code [0x0000000003781ba0, 0x0000000003781ef8]
Event: 4.734 Thread 0x00000000157ce800 1741       2       com.android.dx.ssa.PhiInsn::<init> (26 bytes)
Event: 4.734 Thread 0x00000000157ce800 nmethod 1741 0x00000000037ad690 code [0x00000000037ad800, 0x00000000037adaa8]

GC Heap History (10 events):
Event: 2.319 GC heap before
{Heap before GC invocations=11 (full 0):
 PSYoungGen      total 16896K, used 16096K [0x00000000eab00000, 0x00000000ebf00000, 0x0000000100000000)
  eden space 13312K, 100% used [0x00000000eab00000,0x00000000eb800000,0x00000000eb800000)
  from space 3584K, 77% used [0x00000000ebb80000,0x00000000ebe38010,0x00000000ebf00000)
  to   space 3584K, 0% used [0x00000000eb800000,0x00000000eb800000,0x00000000ebb80000)
 ParOldGen       total 195072K, used 3995K [0x00000000c0000000, 0x00000000cbe80000, 0x00000000eab00000)
  object space 195072K, 2% used [0x00000000c0000000,0x00000000c03e6fb0,0x00000000cbe80000)
 Metaspace       used 5816K, capacity 6832K, committed 7040K, reserved 1056768K
  class space    used 589K, capacity 616K, committed 640K, reserved 1048576K
Event: 2.461 GC heap after
Heap after GC invocations=11 (full 0):
 PSYoungGen      total 16896K, used 2368K [0x00000000eab00000, 0x00000000ec800000, 0x0000000100000000)
  eden space 13312K, 0% used [0x00000000eab00000,0x00000000eab00000,0x00000000eb800000)
  from space 3584K, 66% used [0x00000000eb800000,0x00000000eba50000,0x00000000ebb80000)
  to   space 4096K, 0% used [0x00000000ec400000,0x00000000ec400000,0x00000000ec800000)
 ParOldGen       total 195072K, used 6131K [0x00000000c0000000, 0x00000000cbe80000, 0x00000000eab00000)
  object space 195072K, 3% used [0x00000000c0000000,0x00000000c05fcfc0,0x00000000cbe80000)
 Metaspace       used 5816K, capacity 6832K, committed 7040K, reserved 1056768K
  class space    used 589K, capacity 616K, committed 640K, reserved 1048576K
}
Event: 3.603 GC heap before
{Heap before GC invocations=12 (full 0):
 PSYoungGen      total 16896K, used 15680K [0x00000000eab00000, 0x00000000ec800000, 0x0000000100000000)
  eden space 13312K, 100% used [0x00000000eab00000,0x00000000eb800000,0x00000000eb800000)
  from space 3584K, 66% used [0x00000000eb800000,0x00000000eba50000,0x00000000ebb80000)
  to   space 4096K, 0% used [0x00000000ec400000,0x00000000ec400000,0x00000000ec800000)
 ParOldGen       total 195072K, used 6131K [0x00000000c0000000, 0x00000000cbe80000, 0x00000000eab00000)
  object space 195072K, 3% used [0x00000000c0000000,0x00000000c05fcfc0,0x00000000cbe80000)
 Metaspace       used 5884K, capacity 6896K, committed 7040K, reserved 1056768K
  class space    used 592K, capacity 616K, committed 640K, reserved 1048576K
Event: 3.642 GC heap after
Heap after GC invocations=12 (full 0):
 PSYoungGen      total 25600K, used 2624K [0x00000000eab00000, 0x00000000ec800000, 0x0000000100000000)
  eden space 21504K, 0% used [0x00000000eab00000,0x00000000eab00000,0x00000000ec000000)
  from space 4096K, 64% used [0x00000000ec400000,0x00000000ec690010,0x00000000ec800000)
  to   space 4096K, 0% used [0x00000000ec000000,0x00000000ec000000,0x00000000ec400000)
 ParOldGen       total 195072K, used 7597K [0x00000000c0000000, 0x00000000cbe80000, 0x00000000eab00000)
  object space 195072K, 3% used [0x00000000c0000000,0x00000000c076b478,0x00000000cbe80000)
 Metaspace       used 5884K, capacity 6896K, committed 7040K, reserved 1056768K
  class space    used 592K, capacity 616K, committed 640K, reserved 1048576K
}
Event: 3.839 GC heap before
{Heap before GC invocations=13 (full 0):
 PSYoungGen      total 25600K, used 24128K [0x00000000eab00000, 0x00000000ec800000, 0x0000000100000000)
  eden space 21504K, 100% used [0x00000000eab00000,0x00000000ec000000,0x00000000ec000000)
  from space 4096K, 64% used [0x00000000ec400000,0x00000000ec690010,0x00000000ec800000)
  to   space 4096K, 0% used [0x00000000ec000000,0x00000000ec000000,0x00000000ec400000)
 ParOldGen       total 195072K, used 7597K [0x00000000c0000000, 0x00000000cbe80000, 0x00000000eab00000)
  object space 195072K, 3% used [0x00000000c0000000,0x00000000c076b478,0x00000000cbe80000)
 Metaspace       used 5924K, capacity 6896K, committed 7040K, reserved 1056768K
  class space    used 592K, capacity 616K, committed 640K, reserved 1048576K
Event: 3.864 GC heap after
Heap after GC invocations=13 (full 0):
 PSYoungGen      total 25600K, used 4086K [0x00000000eab00000, 0x00000000ed800000, 0x0000000100000000)
  eden space 21504K, 0% used [0x00000000eab00000,0x00000000eab00000,0x00000000ec000000)
  from space 4096K, 99% used [0x00000000ec000000,0x00000000ec3fdb00,0x00000000ec400000)
  to   space 5632K, 0% used [0x00000000ed280000,0x00000000ed280000,0x00000000ed800000)
 ParOldGen       total 195072K, used 10782K [0x00000000c0000000, 0x00000000cbe80000, 0x00000000eab00000)
  object space 195072K, 5% used [0x00000000c0000000,0x00000000c0a87af8,0x00000000cbe80000)
 Metaspace       used 5924K, capacity 6896K, committed 7040K, reserved 1056768K
  class space    used 592K, capacity 616K, committed 640K, reserved 1048576K
}
Event: 4.229 GC heap before
{Heap before GC invocations=14 (full 0):
 PSYoungGen      total 25600K, used 25590K [0x00000000eab00000, 0x00000000ed800000, 0x0000000100000000)
  eden space 21504K, 100% used [0x00000000eab00000,0x00000000ec000000,0x00000000ec000000)
  from space 4096K, 99% used [0x00000000ec000000,0x00000000ec3fdb00,0x00000000ec400000)
  to   space 5632K, 0% used [0x00000000ed280000,0x00000000ed280000,0x00000000ed800000)
 ParOldGen       total 195072K, used 10782K [0x00000000c0000000, 0x00000000cbe80000, 0x00000000eab00000)
  object space 195072K, 5% used [0x00000000c0000000,0x00000000c0a87af8,0x00000000cbe80000)
 Metaspace       used 5939K, capacity 6896K, committed 7040K, reserved 1056768K
  class space    used 592K, capacity 616K, committed 640K, reserved 1048576K
Event: 4.247 GC heap after
Heap after GC invocations=14 (full 0):
 PSYoungGen      total 39424K, used 4608K [0x00000000eab00000, 0x00000000eda00000, 0x0000000100000000)
  eden space 33792K, 0% used [0x00000000eab00000,0x00000000eab00000,0x00000000ecc00000)
  from space 5632K, 81% used [0x00000000ed280000,0x00000000ed700010,0x00000000ed800000)
  to   space 6656K, 0% used [0x00000000ecc00000,0x00000000ecc00000,0x00000000ed280000)
 ParOldGen       total 195072K, used 14346K [0x00000000c0000000, 0x00000000cbe80000, 0x00000000eab00000)
  object space 195072K, 7% used [0x00000000c0000000,0x00000000c0e02898,0x00000000cbe80000)
 Metaspace       used 5939K, capacity 6896K, committed 7040K, reserved 1056768K
  class space    used 592K, capacity 616K, committed 640K, reserved 1048576K
}
Event: 4.621 GC heap before
{Heap before GC invocations=15 (full 0):
 PSYoungGen      total 39424K, used 38400K [0x00000000eab00000, 0x00000000eda00000, 0x0000000100000000)
  eden space 33792K, 100% used [0x00000000eab00000,0x00000000ecc00000,0x00000000ecc00000)
  from space 5632K, 81% used [0x00000000ed280000,0x00000000ed700010,0x00000000ed800000)
  to   space 6656K, 0% used [0x00000000ecc00000,0x00000000ecc00000,0x00000000ed280000)
 ParOldGen       total 195072K, used 14346K [0x00000000c0000000, 0x00000000cbe80000, 0x00000000eab00000)
  object space 195072K, 7% used [0x00000000c0000000,0x00000000c0e02898,0x00000000cbe80000)
 Metaspace       used 5943K, capacity 6896K, committed 7040K, reserved 1056768K
  class space    used 592K, capacity 616K, committed 640K, reserved 1048576K
Event: 4.691 GC heap after
Heap after GC invocations=15 (full 0):
 PSYoungGen      total 40448K, used 4807K [0x00000000eab00000, 0x00000000eda00000, 0x0000000100000000)
  eden space 33792K, 0% used [0x00000000eab00000,0x00000000eab00000,0x00000000ecc00000)
  from space 6656K, 72% used [0x00000000ecc00000,0x00000000ed0b1e50,0x00000000ed280000)
  to   space 5632K, 0% used [0x00000000ed280000,0x00000000ed280000,0x00000000ed800000)
 ParOldGen       total 195072K, used 16333K [0x00000000c0000000, 0x00000000cbe80000, 0x00000000eab00000)
  object space 195072K, 8% used [0x00000000c0000000,0x00000000c0ff35c8,0x00000000cbe80000)
 Metaspace       used 5943K, capacity 6896K, committed 7040K, reserved 1056768K
  class space    used 592K, capacity 616K, committed 640K, reserved 1048576K
}

Deoptimization events (10 events):
Event: 4.276 Thread 0x0000000016d67000 Uncommon trap: reason=class_check action=maybe_recompile pc=0x0000000003645a14 method=com.android.dx.ssa.SCCP.simulateBranch(Lcom/android/dx/ssa/SsaInsn;)V @ 145
Event: 4.283 Thread 0x0000000016d67000 Uncommon trap: reason=class_check action=maybe_recompile pc=0x0000000003645a14 method=com.android.dx.ssa.SCCP.simulateBranch(Lcom/android/dx/ssa/SsaInsn;)V @ 145
Event: 4.287 Thread 0x0000000016d67000 Uncommon trap: reason=class_check action=maybe_recompile pc=0x0000000003645a14 method=com.android.dx.ssa.SCCP.simulateBranch(Lcom/android/dx/ssa/SsaInsn;)V @ 145
Event: 4.289 Thread 0x0000000016d67000 Uncommon trap: reason=class_check action=maybe_recompile pc=0x0000000003645a14 method=com.android.dx.ssa.SCCP.simulateBranch(Lcom/android/dx/ssa/SsaInsn;)V @ 145
Event: 4.295 Thread 0x0000000016d67000 Uncommon trap: reason=class_check action=maybe_recompile pc=0x000000000378ab98 method=com.android.dx.cf.code.BytecodeArray.parseInstruction(ILcom/android/dx/cf/code/BytecodeArray$Visitor;)I @ 971
Event: 4.295 Thread 0x0000000016d67000 Uncommon trap: reason=class_check action=maybe_recompile pc=0x0000000003774bb4 method=com.android.dx.cf.code.RopperMachine.run(Lcom/android/dx/cf/code/Frame;II)V @ 988
Event: 4.299 Thread 0x0000000016d67000 Uncommon trap: reason=class_check action=maybe_recompile pc=0x0000000003774bb4 method=com.android.dx.cf.code.RopperMachine.run(Lcom/android/dx/cf/code/Frame;II)V @ 988
Event: 4.301 Thread 0x0000000016d67000 Uncommon trap: reason=class_check action=maybe_recompile pc=0x000000000378ab98 method=com.android.dx.cf.code.BytecodeArray.parseInstruction(ILcom/android/dx/cf/code/BytecodeArray$Visitor;)I @ 971
Event: 4.400 Thread 0x0000000016d69800 Uncommon trap: reason=class_check action=maybe_recompile pc=0x0000000003774bb4 method=com.android.dx.cf.code.RopperMachine.run(Lcom/android/dx/cf/code/Frame;II)V @ 988
Event: 4.703 Thread 0x0000000002f9d800 Uncommon trap: reason=class_check action=maybe_recompile pc=0x0000000003774bb4 method=com.android.dx.cf.code.RopperMachine.run(Lcom/android/dx/cf/code/Frame;II)V @ 988

Internal exceptions (10 events):
Event: 1.211 Thread 0x0000000016d67000 Implicit null exception at 0x00000000033f501a to 0x00000000033f6589
Event: 1.212 Thread 0x0000000016d67000 Implicit null exception at 0x00000000033e390b to 0x00000000033e4e45
Event: 1.279 Thread 0x0000000016d67000 Exception <a 'java/security/PrivilegedActionException'> (0x00000000eafbdd68) thrown at [D:\re\workspace\8-2-build-windows-amd64-cygwin\jdk8\2238\hotspot\src\share\vm\prims\jvm.cpp, line 1248]
Event: 1.749 Thread 0x0000000016d67000 Exception <a 'java/security/PrivilegedActionException'> (0x00000000ead44180) thrown at [D:\re\workspace\8-2-build-windows-amd64-cygwin\jdk8\2238\hotspot\src\share\vm\prims\jvm.cpp, line 1248]
Event: 3.414 Thread 0x0000000016d6b800 Exception <a 'java/security/PrivilegedActionException'> (0x00000000eb4e0ce0) thrown at [D:\re\workspace\8-2-build-windows-amd64-cygwin\jdk8\2238\hotspot\src\share\vm\prims\jvm.cpp, line 1248]
Event: 3.420 Thread 0x0000000002f9d800 Exception <a 'java/security/PrivilegedActionException'> (0x00000000eb522290) thrown at [D:\re\workspace\8-2-build-windows-amd64-cygwin\jdk8\2238\hotspot\src\share\vm\prims\jvm.cpp, line 1248]
Event: 3.421 Thread 0x0000000002f9d800 Exception <a 'java/security/PrivilegedActionException'> (0x00000000eb529a98) thrown at [D:\re\workspace\8-2-build-windows-amd64-cygwin\jdk8\2238\hotspot\src\share\vm\prims\jvm.cpp, line 1248]
Event: 3.421 Thread 0x0000000002f9d800 Exception <a 'java/security/PrivilegedActionException'> (0x00000000eb52e968) thrown at [D:\re\workspace\8-2-build-windows-amd64-cygwin\jdk8\2238\hotspot\src\share\vm\prims\jvm.cpp, line 1248]
Event: 3.425 Thread 0x0000000002f9d800 Exception <a 'java/security/PrivilegedActionException'> (0x00000000eb53d9d8) thrown at [D:\re\workspace\8-2-build-windows-amd64-cygwin\jdk8\2238\hotspot\src\share\vm\prims\jvm.cpp, line 1248]
Event: 3.459 Thread 0x0000000002f9d800 Exception <a 'java/security/PrivilegedActionException'> (0x00000000eb5a38b8) thrown at [D:\re\workspace\8-2-build-windows-amd64-cygwin\jdk8\2238\hotspot\src\share\vm\prims\jvm.cpp, line 1248]

Events (10 events):
Event: 4.400 Thread 0x0000000016d69800 Uncommon trap: trap_request=0xffffffde fr.pc=0x0000000003774bb4
Event: 4.400 Thread 0x0000000016d69800 DEOPT PACKING pc=0x0000000003774bb4 sp=0x00000000178ee270
Event: 4.400 Thread 0x0000000016d69800 DEOPT UNPACKING pc=0x00000000030e55af sp=0x00000000178ee208 mode 2
Event: 4.418 Executing VM operation: ParallelGCFailedAllocation
Event: 4.692 Executing VM operation: ParallelGCFailedAllocation done
Event: 4.703 Thread 0x0000000002f9d800 Uncommon trap: trap_request=0xffffffde fr.pc=0x0000000003774bb4
Event: 4.703 Thread 0x0000000002f9d800 DEOPT PACKING pc=0x0000000003774bb4 sp=0x0000000002eedde0
Event: 4.703 Thread 0x0000000002f9d800 DEOPT UNPACKING pc=0x00000000030e55af sp=0x0000000002eedd78 mode 2
Event: 4.728 Thread 0x0000000002f9d800 DEOPT PACKING pc=0x00000000034deb30 sp=0x0000000002eee410
Event: 4.728 Thread 0x0000000002f9d800 DEOPT UNPACKING pc=0x00000000030e7604 sp=0x0000000002eee240 mode 0


Dynamic libraries:
0x00007ff793f00000 - 0x00007ff793f34000 	C:\Program Files\Java\jdk1.8.0\bin\java.exe
0x00007ff8d4270000 - 0x00007ff8d4441000 	C:\WINDOWS\SYSTEM32\ntdll.dll
0x00007ff8d3a20000 - 0x00007ff8d3acb000 	C:\WINDOWS\System32\KERNEL32.DLL
0x00007ff8d1240000 - 0x00007ff8d145d000 	C:\WINDOWS\System32\KERNELBASE.dll
0x00007ff8d33e0000 - 0x00007ff8d3482000 	C:\WINDOWS\System32\ADVAPI32.dll
0x00007ff8d3bf0000 - 0x00007ff8d3c8e000 	C:\WINDOWS\System32\msvcrt.dll
0x00007ff8d3380000 - 0x00007ff8d33d9000 	C:\WINDOWS\System32\sechost.dll
0x00007ff8d30d0000 - 0x00007ff8d31f1000 	C:\WINDOWS\System32\RPCRT4.dll
0x00007ff8d3200000 - 0x00007ff8d3365000 	C:\WINDOWS\System32\USER32.dll
0x00007ff8d1120000 - 0x00007ff8d113e000 	C:\WINDOWS\System32\win32u.dll
0x00007ff8d4230000 - 0x00007ff8d4264000 	C:\WINDOWS\System32\GDI32.dll
0x00007ff8d0ef0000 - 0x00007ff8d1072000 	C:\WINDOWS\System32\gdi32full.dll
0x00007ff8c7860000 - 0x00007ff8c7ad9000 	C:\WINDOWS\WinSxS\amd64_microsoft.windows.common-controls_6595b64144ccf1df_6.0.14393.0_none_2d0f50fcbdb171b8\COMCTL32.dll
0x00007ff8d2dd0000 - 0x00007ff8d3097000 	C:\WINDOWS\System32\combase.dll
0x00007ff8d1140000 - 0x00007ff8d1235000 	C:\WINDOWS\System32\ucrtbase.dll
0x00007ff8d1740000 - 0x00007ff8d17aa000 	C:\WINDOWS\System32\bcryptPrimitives.dll
0x00007ff8d30a0000 - 0x00007ff8d30ce000 	C:\WINDOWS\System32\IMM32.DLL
0x000000006f5b0000 - 0x000000006f682000 	C:\Program Files\Java\jdk1.8.0\jre\bin\msvcr100.dll
0x000000006ed80000 - 0x000000006f5aa000 	C:\Program Files\Java\jdk1.8.0\jre\bin\server\jvm.dll
0x00007ff8d3d90000 - 0x00007ff8d3d98000 	C:\WINDOWS\System32\PSAPI.DLL
0x00007ff8b8bf0000 - 0x00007ff8b8bf9000 	C:\WINDOWS\SYSTEM32\WSOCK32.dll
0x00007ff8d3ae0000 - 0x00007ff8d3b4a000 	C:\WINDOWS\System32\WS2_32.dll
0x00007ff8ce670000 - 0x00007ff8ce693000 	C:\WINDOWS\SYSTEM32\WINMM.dll
0x00007ff8ce640000 - 0x00007ff8ce66b000 	C:\WINDOWS\SYSTEM32\WINMMBASE.dll
0x00007ff8d17b0000 - 0x00007ff8d17f2000 	C:\WINDOWS\System32\cfgmgr32.dll
0x000000006ed70000 - 0x000000006ed7f000 	C:\Program Files\Java\jdk1.8.0\jre\bin\verify.dll
0x000000006ed40000 - 0x000000006ed68000 	C:\Program Files\Java\jdk1.8.0\jre\bin\java.dll
0x000000006ed20000 - 0x000000006ed36000 	C:\Program Files\Java\jdk1.8.0\jre\bin\zip.dll
0x00007ff8d1800000 - 0x00007ff8d2d08000 	C:\WINDOWS\System32\SHELL32.dll
0x00007ff8d0810000 - 0x00007ff8d0eea000 	C:\WINDOWS\System32\windows.storage.dll
0x00007ff8d0710000 - 0x00007ff8d075c000 	C:\WINDOWS\System32\powrprof.dll
0x00007ff8d41d0000 - 0x00007ff8d4222000 	C:\WINDOWS\System32\shlwapi.dll
0x00007ff8d06d0000 - 0x00007ff8d06df000 	C:\WINDOWS\System32\kernel.appcore.dll
0x00007ff8d0760000 - 0x00007ff8d0809000 	C:\WINDOWS\System32\shcore.dll
0x00007ff8d06e0000 - 0x00007ff8d06f4000 	C:\WINDOWS\System32\profapi.dll
0x00007ff8bfa30000 - 0x00007ff8bfbc2000 	C:\WINDOWS\SYSTEM32\dbghelp.dll

VM Arguments:
jvm_args: -Djava.awt.headless=true -Xmx1024M -Dfile.encoding=GBK -Duser.country=CN -Duser.language=zh -Duser.variant 
java_command: com.android.dx.command.Main --dex --force-jumbo --num-threads=4 --multi-dex --output C:\Users\Administrator\AndroidStudioProjects\gongda\app\build\intermediates\transforms\dex\debug\folders\1000\10\fastjson-1.2.17_00d7c8f29620068a19b9dbb5104044de57b732a4 C:\Users\Administrator\.gradle\caches\modules-2\files-2.1\com.alibaba\fastjson\1.2.17\be249d63279f79d827a6bb0328b7d7938730c694\fastjson-1.2.17.jar
java_class_path (initial): D:\android-sdk-windows\build-tools\24.0.1\lib\dx.jar
Launcher Type: SUN_STANDARD

Environment Variables:
JAVA_HOME=C:\Program Files\Java\jdk1.8.0
CLASSPATH=.;C:\Program Files\Java\jdk1.8.0\lib\dt.jar;C:\Program Files\Java\jdk1.8.0\lib\tools.jar;
PATH=
[error occurred during error reporting (printing environment variables), id 0xc0000005]



---------------  S Y S T E M  ---------------

OS: Windows 8.1 , 64 bit Build 9600 

CPU:total 4 (2 cores per cpu, 2 threads per core) family 6 model 60 stepping 3, cmov, cx8, fxsr, mmx, sse, sse2, sse3, ssse3, sse4.1, sse4.2, popcnt, avx, avx2, aes, clmul, erms, ht, tsc, tscinvbit

Memory: 4k page, physical 12469232k(2452280k free), swap 12469232k(4300k free)

vm_info: Java HotSpot(TM) 64-Bit Server VM (25.0-b70) for windows-amd64 JRE (1.8.0-b132), built on Mar  4 2014 03:46:18 by "java_re" with MS VC++ 10.0 (VS2010)

time: Fri Sep 30 19:44:44 2016
elapsed time: 4 seconds

