#
# There is insufficient memory for the Java Runtime Environment to continue.
# Native memory allocation (malloc) failed to allocate 33554448 bytes for Chunk::new
# Possible reasons:
#   The system is out of physical RAM or swap space
#   In 32 bit mode, the process size limit was hit
# Possible solutions:
#   Reduce memory load on the system
#   Increase physical memory or swap space
#   Check if swap backing store is full
#   Use 64 bit Java on a 64 bit OS
#   Decrease Java heap size (-Xmx/-Xms)
#   Decrease number of Java threads
#   Decrease Java thread stack sizes (-Xss)
#   Set larger code cache with -XX:ReservedCodeCacheSize=
# This output file may be truncated or incomplete.
#
#  Out of Memory Error (allocation.cpp:388), pid=8872, tid=12228
#
# JRE version: Java(TM) SE Runtime Environment (8.0-b132) (build 1.8.0-b132)
# Java VM: Java HotSpot(TM) 64-Bit Server VM (25.0-b70 mixed mode windows-amd64 compressed oops)
# Failed to write core dump. Minidumps are not enabled by default on client versions of Windows
#

---------------  T H R E A D  ---------------

Current thread (0x0000000014ca9000):  JavaThread "C2 CompilerThread0" daemon [_thread_in_native, id=12228, stack(0x0000000016600000,0x0000000016700000)]

Stack: [0x0000000016600000,0x0000000016700000]
Native frames: (J=compiled Java code, j=interpreted, Vv=VM code, C=native code)
V  [jvm.dll+0x308e0a]


Current CompileTask:
C2:  17540 1977   !   4       com.android.dx.cf.code.Ropper::processBlock (1101 bytes)


---------------  P R O C E S S  ---------------

Java Threads: ( => current thread )
  0x000000001605a800 JavaThread "Service Thread" daemon [_thread_blocked, id=1356, stack(0x0000000016900000,0x0000000016a00000)]
  0x0000000016055000 JavaThread "C1 CompilerThread2" daemon [_thread_blocked, id=7848, stack(0x0000000016800000,0x0000000016900000)]
  0x0000000014cae000 JavaThread "C2 CompilerThread1" daemon [_thread_blocked, id=11696, stack(0x0000000016700000,0x0000000016800000)]
=>0x0000000014ca9000 JavaThread "C2 CompilerThread0" daemon [_thread_in_native, id=12228, stack(0x0000000016600000,0x0000000016700000)]
  0x0000000014ca8000 JavaThread "Attach Listener" daemon [_thread_blocked, id=10208, stack(0x0000000016500000,0x0000000016600000)]
  0x00000000025af000 JavaThread "Finalizer" daemon [_thread_blocked, id=8252, stack(0x0000000015f00000,0x0000000016000000)]
  0x00000000025ac800 JavaThread "Reference Handler" daemon [_thread_blocked, id=11212, stack(0x0000000015e00000,0x0000000015f00000)]

Other Threads:
  0x0000000014c57000 VMThread [stack: 0x0000000015d00000,0x0000000015e00000] [id=11740]

VM state:at safepoint (normal execution)

VM Mutex/Monitor currently owned by a thread:  ([mutex/lock_event])
[0x000000000080c670] Threads_lock - owner thread: 0x0000000014c57000
[0x000000000080cd70] Heap_lock - owner thread: 0x000000000080d800

Heap:
 PSYoungGen      total 85504K, used 25324K [0x00000000eab00000, 0x00000000f0b80000, 0x0000000100000000)
  eden space 73728K, 23% used [0x00000000eab00000,0x00000000ebc0af00,0x00000000ef300000)
  from space 11776K, 66% used [0x00000000eff00000,0x00000000f06b0128,0x00000000f0a80000)
  to   space 12288K, 0% used [0x00000000ef300000,0x00000000ef300000,0x00000000eff00000)
 ParOldGen       total 195072K, used 39966K [0x00000000c0000000, 0x00000000cbe80000, 0x00000000eab00000)
  object space 195072K, 20% used [0x00000000c0000000,0x00000000c2707a18,0x00000000cbe80000)
 Metaspace       used 6860K, capacity 7448K, committed 7680K, reserved 1056768K
  class space    used 671K, capacity 720K, committed 768K, reserved 1048576K

Card table byte_map: [0x0000000011980000,0x0000000011b90000] byte_map_base: 0x0000000011380000

Marking Bits: (ParMarkBitMap*) 0x000000006f5313b0
 Begin Bits: [0x00000000120f0000, 0x00000000130f0000)
 End Bits:   [0x00000000130f0000, 0x00000000140f0000)

Polling page: 0x0000000000560000

CodeCache: size=245760Kb used=11988Kb max_used=12002Kb free=233771Kb
 bounds [0x00000000025c0000, 0x0000000003190000, 0x00000000115c0000]
 total_blobs=2955 nmethods=2680 adapters=188
 compilation: enabled

Compilation events (10 events):
Event: 14.284 Thread 0x0000000014cae000 2726       4       java.lang.CharacterDataLatin1::toLowerCase (39 bytes)
Event: 14.284 Thread 0x0000000014cae000 nmethod 2726 0x0000000003143210 code [0x0000000003143340, 0x00000000031433f8]
Event: 14.284 Thread 0x0000000014cae000 2724       4       java.util.HashMap::hash (20 bytes)
Event: 14.285 Thread 0x0000000014cae000 nmethod 2724 0x000000000316bcd0 code [0x000000000316be20, 0x000000000316bed8]
Event: 14.345 Thread 0x0000000014cae000 2733 %     4       sun.security.provider.SHA::implCompress @ 12 (491 bytes)
Event: 14.362 Thread 0x0000000014cae000 nmethod 2733% 0x000000000317cf50 code [0x000000000317d0a0, 0x000000000317db18]
Event: 14.362 Thread 0x0000000014cae000 2734       4       sun.security.provider.ByteArrayAccess::b2iBig64 (614 bytes)
Event: 14.365 Thread 0x0000000014cae000 nmethod 2734 0x00000000031800d0 code [0x0000000003180200, 0x0000000003180418]
Event: 14.365 Thread 0x0000000014cae000 2735       4       sun.security.provider.SHA::implCompress (491 bytes)
Event: 14.380 Thread 0x0000000014cae000 nmethod 2735 0x000000000317c250 code [0x000000000317c3a0, 0x000000000317cd28]

GC Heap History (10 events):
Event: 7.557 GC heap before
{Heap before GC invocations=18 (full 0):
 PSYoungGen      total 31744K, used 31739K [0x00000000eab00000, 0x00000000edd00000, 0x0000000100000000)
  eden space 27648K, 100% used [0x00000000eab00000,0x00000000ec600000,0x00000000ec600000)
  from space 4096K, 99% used [0x00000000ec600000,0x00000000ec9feed0,0x00000000eca00000)
  to   space 6144K, 0% used [0x00000000ed700000,0x00000000ed700000,0x00000000edd00000)
 ParOldGen       total 195072K, used 14210K [0x00000000c0000000, 0x00000000cbe80000, 0x00000000eab00000)
  object space 195072K, 7% used [0x00000000c0000000,0x00000000c0de0b48,0x00000000cbe80000)
 Metaspace       used 6018K, capacity 6960K, committed 7040K, reserved 1056768K
  class space    used 597K, capacity 616K, committed 640K, reserved 1048576K
Event: 7.596 GC heap after
Heap after GC invocations=18 (full 0):
 PSYoungGen      total 44544K, used 4680K [0x00000000eab00000, 0x00000000ede00000, 0x0000000100000000)
  eden space 38400K, 0% used [0x00000000eab00000,0x00000000eab00000,0x00000000ed080000)
  from space 6144K, 76% used [0x00000000ed700000,0x00000000edb92190,0x00000000edd00000)
  to   space 6656K, 0% used [0x00000000ed080000,0x00000000ed080000,0x00000000ed700000)
 ParOldGen       total 195072K, used 18085K [0x00000000c0000000, 0x00000000cbe80000, 0x00000000eab00000)
  object space 195072K, 9% used [0x00000000c0000000,0x00000000c11a9798,0x00000000cbe80000)
 Metaspace       used 6018K, capacity 6960K, committed 7040K, reserved 1056768K
  class space    used 597K, capacity 616K, committed 640K, reserved 1048576K
}
Event: 8.036 GC heap before
{Heap before GC invocations=19 (full 0):
 PSYoungGen      total 44544K, used 43080K [0x00000000eab00000, 0x00000000ede00000, 0x0000000100000000)
  eden space 38400K, 100% used [0x00000000eab00000,0x00000000ed080000,0x00000000ed080000)
  from space 6144K, 76% used [0x00000000ed700000,0x00000000edb92190,0x00000000edd00000)
  to   space 6656K, 0% used [0x00000000ed080000,0x00000000ed080000,0x00000000ed700000)
 ParOldGen       total 195072K, used 18085K [0x00000000c0000000, 0x00000000cbe80000, 0x00000000eab00000)
  object space 195072K, 9% used [0x00000000c0000000,0x00000000c11a9798,0x00000000cbe80000)
 Metaspace       used 6113K, capacity 7000K, committed 7168K, reserved 1056768K
  class space    used 617K, capacity 656K, committed 768K, reserved 1048576K
Event: 8.063 GC heap after
Heap after GC invocations=19 (full 0):
 PSYoungGen      total 45056K, used 5201K [0x00000000eab00000, 0x00000000eed80000, 0x0000000100000000)
  eden space 38400K, 0% used [0x00000000eab00000,0x00000000eab00000,0x00000000ed080000)
  from space 6656K, 78% used [0x00000000ed080000,0x00000000ed5945a8,0x00000000ed700000)
  to   space 7168K, 0% used [0x00000000ee680000,0x00000000ee680000,0x00000000eed80000)
 ParOldGen       total 195072K, used 22213K [0x00000000c0000000, 0x00000000cbe80000, 0x00000000eab00000)
  object space 195072K, 11% used [0x00000000c0000000,0x00000000c15b1490,0x00000000cbe80000)
 Metaspace       used 6113K, capacity 7000K, committed 7168K, reserved 1056768K
  class space    used 617K, capacity 656K, committed 768K, reserved 1048576K
}
Event: 8.432 GC heap before
{Heap before GC invocations=20 (full 0):
 PSYoungGen      total 45056K, used 43601K [0x00000000eab00000, 0x00000000eed80000, 0x0000000100000000)
  eden space 38400K, 100% used [0x00000000eab00000,0x00000000ed080000,0x00000000ed080000)
  from space 6656K, 78% used [0x00000000ed080000,0x00000000ed5945a8,0x00000000ed700000)
  to   space 7168K, 0% used [0x00000000ee680000,0x00000000ee680000,0x00000000eed80000)
 ParOldGen       total 195072K, used 22213K [0x00000000c0000000, 0x00000000cbe80000, 0x00000000eab00000)
  object space 195072K, 11% used [0x00000000c0000000,0x00000000c15b1490,0x00000000cbe80000)
 Metaspace       used 6129K, capacity 7000K, committed 7168K, reserved 1056768K
  class space    used 617K, capacity 656K, committed 768K, reserved 1048576K
Event: 8.484 GC heap after
Heap after GC invocations=20 (full 0):
 PSYoungGen      total 59904K, used 6194K [0x00000000eab00000, 0x00000000eef80000, 0x0000000100000000)
  eden space 52736K, 0% used [0x00000000eab00000,0x00000000eab00000,0x00000000ede80000)
  from space 7168K, 86% used [0x00000000ee680000,0x00000000eec8ca60,0x00000000eed80000)
  to   space 8192K, 0% used [0x00000000ede80000,0x00000000ede80000,0x00000000ee680000)
 ParOldGen       total 195072K, used 26922K [0x00000000c0000000, 0x00000000cbe80000, 0x00000000eab00000)
  object space 195072K, 13% used [0x00000000c0000000,0x00000000c1a4a918,0x00000000cbe80000)
 Metaspace       used 6129K, capacity 7000K, committed 7168K, reserved 1056768K
  class space    used 617K, capacity 656K, committed 768K, reserved 1048576K
}
Event: 8.992 GC heap before
{Heap before GC invocations=21 (full 0):
 PSYoungGen      total 59904K, used 58930K [0x00000000eab00000, 0x00000000eef80000, 0x0000000100000000)
  eden space 52736K, 100% used [0x00000000eab00000,0x00000000ede80000,0x00000000ede80000)
  from space 7168K, 86% used [0x00000000ee680000,0x00000000eec8ca60,0x00000000eed80000)
  to   space 8192K, 0% used [0x00000000ede80000,0x00000000ede80000,0x00000000ee680000)
 ParOldGen       total 195072K, used 26922K [0x00000000c0000000, 0x00000000cbe80000, 0x00000000eab00000)
  object space 195072K, 13% used [0x00000000c0000000,0x00000000c1a4a918,0x00000000cbe80000)
 Metaspace       used 6158K, capacity 7064K, committed 7424K, reserved 1056768K
  class space    used 617K, capacity 656K, committed 768K, reserved 1048576K
Event: 9.132 GC heap after
Heap after GC invocations=21 (full 0):
 PSYoungGen      total 60928K, used 8180K [0x00000000eab00000, 0x00000000f0a80000, 0x0000000100000000)
  eden space 52736K, 0% used [0x00000000eab00000,0x00000000eab00000,0x00000000ede80000)
  from space 8192K, 99% used [0x00000000ede80000,0x00000000ee67d2a8,0x00000000ee680000)
  to   space 11776K, 0% used [0x00000000eff00000,0x00000000eff00000,0x00000000f0a80000)
 ParOldGen       total 195072K, used 32811K [0x00000000c0000000, 0x00000000cbe80000, 0x00000000eab00000)
  object space 195072K, 16% used [0x00000000c0000000,0x00000000c200ac60,0x00000000cbe80000)
 Metaspace       used 6158K, capacity 7064K, committed 7424K, reserved 1056768K
  class space    used 617K, capacity 656K, committed 768K, reserved 1048576K
}
Event: 11.841 GC heap before
{Heap before GC invocations=22 (full 0):
 PSYoungGen      total 60928K, used 60916K [0x00000000eab00000, 0x00000000f0a80000, 0x0000000100000000)
  eden space 52736K, 100% used [0x00000000eab00000,0x00000000ede80000,0x00000000ede80000)
  from space 8192K, 99% used [0x00000000ede80000,0x00000000ee67d2a8,0x00000000ee680000)
  to   space 11776K, 0% used [0x00000000eff00000,0x00000000eff00000,0x00000000f0a80000)
 ParOldGen       total 195072K, used 32811K [0x00000000c0000000, 0x00000000cbe80000, 0x00000000eab00000)
  object space 195072K, 16% used [0x00000000c0000000,0x00000000c200ac60,0x00000000cbe80000)
 Metaspace       used 6275K, capacity 7128K, committed 7424K, reserved 1056768K
  class space    used 624K, capacity 656K, committed 768K, reserved 1048576K
Event: 11.949 GC heap after
Heap after GC invocations=22 (full 0):
 PSYoungGen      total 85504K, used 7872K [0x00000000eab00000, 0x00000000f0b80000, 0x0000000100000000)
  eden space 73728K, 0% used [0x00000000eab00000,0x00000000eab00000,0x00000000ef300000)
  from space 11776K, 66% used [0x00000000eff00000,0x00000000f06b0128,0x00000000f0a80000)
  to   space 12288K, 0% used [0x00000000ef300000,0x00000000ef300000,0x00000000eff00000)
 ParOldGen       total 195072K, used 39966K [0x00000000c0000000, 0x00000000cbe80000, 0x00000000eab00000)
  object space 195072K, 20% used [0x00000000c0000000,0x00000000c2707a18,0x00000000cbe80000)
 Metaspace       used 6275K, capacity 7128K, committed 7424K, reserved 1056768K
  class space    used 624K, capacity 656K, committed 768K, reserved 1048576K
}

Deoptimization events (10 events):
Event: 10.252 Thread 0x000000001628b800 Uncommon trap: reason=class_check action=maybe_recompile pc=0x0000000002a2cd00 method=java.util.Arrays.hashCode([Ljava/lang/Object;)I @ 43
Event: 11.969 Thread 0x000000001628b800 Uncommon trap: reason=class_check action=maybe_recompile pc=0x00000000029a27d0 method=com.android.dx.util.FixedSizeList.equals(Ljava/lang/Object;)Z @ 25
Event: 12.458 Thread 0x000000001628b800 Uncommon trap: reason=class_check action=maybe_recompile pc=0x00000000029a27d0 method=com.android.dx.util.FixedSizeList.equals(Ljava/lang/Object;)Z @ 25
Event: 12.458 Thread 0x000000001628b800 Uncommon trap: reason=class_check action=maybe_recompile pc=0x00000000029a27d0 method=com.android.dx.util.FixedSizeList.equals(Ljava/lang/Object;)Z @ 25
Event: 12.458 Thread 0x000000001628b800 Uncommon trap: reason=class_check action=maybe_recompile pc=0x00000000029a27d0 method=com.android.dx.util.FixedSizeList.equals(Ljava/lang/Object;)Z @ 25
Event: 14.261 Thread 0x000000001628b800 Uncommon trap: reason=unreached action=reinterpret pc=0x00000000028c5768 method=java.util.Arrays.copyOf([Ljava/lang/Object;ILjava/lang/Class;)[Ljava/lang/Object; @ 3
Event: 14.262 Thread 0x000000001628b800 Uncommon trap: reason=class_check action=maybe_recompile pc=0x0000000002f5275c method=java.util.HashMap.putVal(ILjava/lang/Object;Ljava/lang/Object;ZZ)Ljava/lang/Object; @ 56
Event: 14.263 Thread 0x000000001628b800 Uncommon trap: reason=class_check action=maybe_recompile pc=0x0000000002f527fc method=java.util.HashMap.putVal(ILjava/lang/Object;Ljava/lang/Object;ZZ)Ljava/lang/Object; @ 152
Event: 14.263 Thread 0x000000001628b800 Uncommon trap: reason=class_check action=maybe_recompile pc=0x0000000002f5275c method=java.util.HashMap.putVal(ILjava/lang/Object;Ljava/lang/Object;ZZ)Ljava/lang/Object; @ 56
Event: 14.263 Thread 0x000000001628b800 Uncommon trap: reason=class_check action=maybe_recompile pc=0x0000000002f5275c method=java.util.HashMap.putVal(ILjava/lang/Object;Ljava/lang/Object;ZZ)Ljava/lang/Object; @ 56

Internal exceptions (10 events):
Event: 11.969 Thread 0x000000001628b800 Exception <a 'java/security/PrivilegedActionException'> (0x00000000eab65bf8) thrown at [D:\re\workspace\8-2-build-windows-amd64-cygwin\jdk8\2238\hotspot\src\share\vm\prims\jvm.cpp, line 1248]
Event: 11.970 Thread 0x000000001628b800 Exception <a 'java/security/PrivilegedActionException'> (0x00000000eab68cb0) thrown at [D:\re\workspace\8-2-build-windows-amd64-cygwin\jdk8\2238\hotspot\src\share\vm\prims\jvm.cpp, line 1248]
Event: 11.975 Thread 0x000000001628b800 Exception <a 'java/security/PrivilegedActionException'> (0x00000000eab79aa0) thrown at [D:\re\workspace\8-2-build-windows-amd64-cygwin\jdk8\2238\hotspot\src\share\vm\prims\jvm.cpp, line 1248]
Event: 13.495 Thread 0x000000001628b800 Exception <a 'java/security/PrivilegedActionException'> (0x00000000eb4daa68) thrown at [D:\re\workspace\8-2-build-windows-amd64-cygwin\jdk8\2238\hotspot\src\share\vm\prims\jvm.cpp, line 1248]
Event: 13.497 Thread 0x000000001628b800 Exception <a 'java/security/PrivilegedActionException'> (0x00000000eb4e67e0) thrown at [D:\re\workspace\8-2-build-windows-amd64-cygwin\jdk8\2238\hotspot\src\share\vm\prims\jvm.cpp, line 1248]
Event: 13.498 Thread 0x000000001628b800 Exception <a 'java/security/PrivilegedActionException'> (0x00000000eb4e93a8) thrown at [D:\re\workspace\8-2-build-windows-amd64-cygwin\jdk8\2238\hotspot\src\share\vm\prims\jvm.cpp, line 1248]
Event: 13.654 Thread 0x000000001628b800 Exception <a 'java/security/PrivilegedActionException'> (0x00000000eb9caf88) thrown at [D:\re\workspace\8-2-build-windows-amd64-cygwin\jdk8\2238\hotspot\src\share\vm\prims\jvm.cpp, line 1248]
Event: 13.791 Thread 0x000000001628b800 Exception <a 'java/security/PrivilegedActionException'> (0x00000000eba9b7d0) thrown at [D:\re\workspace\8-2-build-windows-amd64-cygwin\jdk8\2238\hotspot\src\share\vm\prims\jvm.cpp, line 1248]
Event: 13.805 Thread 0x000000001628b800 Exception <a 'java/security/PrivilegedActionException'> (0x00000000ebaa1260) thrown at [D:\re\workspace\8-2-build-windows-amd64-cygwin\jdk8\2238\hotspot\src\share\vm\prims\jvm.cpp, line 1248]
Event: 14.241 Thread 0x000000001628b800 Exception <a 'java/security/PrivilegedActionException'> (0x00000000ebaa8e00) thrown at [D:\re\workspace\8-2-build-windows-amd64-cygwin\jdk8\2238\hotspot\src\share\vm\prims\jvm.cpp, line 1248]

Events (10 events):
Event: 14.501 loading class java/io/FileOutputStream$1
Event: 14.501 loading class java/io/FileOutputStream$1 done
Event: 14.502 Thread 0x000000000080d800 Thread exited: 0x000000000080d800
Event: 14.502 Thread 0x000000000080d800 Thread added: 0x000000000080d800
Event: 14.502 loading class java/lang/Shutdown
Event: 14.502 loading class java/lang/Shutdown done
Event: 14.502 loading class java/lang/Shutdown$Lock
Event: 14.502 loading class java/lang/Shutdown$Lock done
Event: 14.502 Thread 0x0000000016043800 Thread exited: 0x0000000016043800
Event: 14.502 Thread 0x000000000080d800 Thread exited: 0x000000000080d800


Dynamic libraries:
0x00007ff793f00000 - 0x00007ff793f34000 	C:\Program Files\Java\jdk1.8.0\bin\java.exe
0x00007ff8d4270000 - 0x00007ff8d4441000 	C:\WINDOWS\SYSTEM32\ntdll.dll
0x00007ff8d3a20000 - 0x00007ff8d3acb000 	C:\WINDOWS\System32\KERNEL32.DLL
0x00007ff8d1240000 - 0x00007ff8d145d000 	C:\WINDOWS\System32\KERNELBASE.dll
0x00007ff8d33e0000 - 0x00007ff8d3482000 	C:\WINDOWS\System32\ADVAPI32.dll
0x00007ff8d3bf0000 - 0x00007ff8d3c8e000 	C:\WINDOWS\System32\msvcrt.dll
0x00007ff8d3380000 - 0x00007ff8d33d9000 	C:\WINDOWS\System32\sechost.dll
0x00007ff8d30d0000 - 0x00007ff8d31f1000 	C:\WINDOWS\System32\RPCRT4.dll
0x00007ff8d3200000 - 0x00007ff8d3365000 	C:\WINDOWS\System32\USER32.dll
0x00007ff8d1120000 - 0x00007ff8d113e000 	C:\WINDOWS\System32\win32u.dll
0x00007ff8d4230000 - 0x00007ff8d4264000 	C:\WINDOWS\System32\GDI32.dll
0x00007ff8d0ef0000 - 0x00007ff8d1072000 	C:\WINDOWS\System32\gdi32full.dll
0x00007ff8c7860000 - 0x00007ff8c7ad9000 	C:\WINDOWS\WinSxS\amd64_microsoft.windows.common-controls_6595b64144ccf1df_6.0.14393.0_none_2d0f50fcbdb171b8\COMCTL32.dll
0x00007ff8d2dd0000 - 0x00007ff8d3097000 	C:\WINDOWS\System32\combase.dll
0x00007ff8d1140000 - 0x00007ff8d1235000 	C:\WINDOWS\System32\ucrtbase.dll
0x00007ff8d1740000 - 0x00007ff8d17aa000 	C:\WINDOWS\System32\bcryptPrimitives.dll
0x00007ff8d30a0000 - 0x00007ff8d30ce000 	C:\WINDOWS\System32\IMM32.DLL
0x000000006f5b0000 - 0x000000006f682000 	C:\Program Files\Java\jdk1.8.0\jre\bin\msvcr100.dll
0x000000006ed80000 - 0x000000006f5aa000 	C:\Program Files\Java\jdk1.8.0\jre\bin\server\jvm.dll
0x00007ff8d3d90000 - 0x00007ff8d3d98000 	C:\WINDOWS\System32\PSAPI.DLL
0x00007ff8b8bf0000 - 0x00007ff8b8bf9000 	C:\WINDOWS\SYSTEM32\WSOCK32.dll
0x00007ff8d3ae0000 - 0x00007ff8d3b4a000 	C:\WINDOWS\System32\WS2_32.dll
0x00007ff8ce670000 - 0x00007ff8ce693000 	C:\WINDOWS\SYSTEM32\WINMM.dll
0x00007ff8ce640000 - 0x00007ff8ce66b000 	C:\WINDOWS\SYSTEM32\WINMMBASE.dll
0x00007ff8d17b0000 - 0x00007ff8d17f2000 	C:\WINDOWS\System32\cfgmgr32.dll
0x000000006ed70000 - 0x000000006ed7f000 	C:\Program Files\Java\jdk1.8.0\jre\bin\verify.dll
0x000000006ed40000 - 0x000000006ed68000 	C:\Program Files\Java\jdk1.8.0\jre\bin\java.dll
0x000000006ed20000 - 0x000000006ed36000 	C:\Program Files\Java\jdk1.8.0\jre\bin\zip.dll
0x00007ff8d1800000 - 0x00007ff8d2d08000 	C:\WINDOWS\System32\SHELL32.dll
0x00007ff8d0810000 - 0x00007ff8d0eea000 	C:\WINDOWS\System32\windows.storage.dll
0x00007ff8d0710000 - 0x00007ff8d075c000 	C:\WINDOWS\System32\powrprof.dll
0x00007ff8d41d0000 - 0x00007ff8d4222000 	C:\WINDOWS\System32\shlwapi.dll
0x00007ff8d06d0000 - 0x00007ff8d06df000 	C:\WINDOWS\System32\kernel.appcore.dll
0x00007ff8d0760000 - 0x00007ff8d0809000 	C:\WINDOWS\System32\shcore.dll
0x00007ff8d06e0000 - 0x00007ff8d06f4000 	C:\WINDOWS\System32\profapi.dll
0x00007ff8bfa30000 - 0x00007ff8bfbc2000 	C:\WINDOWS\SYSTEM32\dbghelp.dll

VM Arguments:
jvm_args: -Djava.awt.headless=true -Xmx1024M -Dfile.encoding=GBK -Duser.country=CN -Duser.language=zh -Duser.variant 
java_command: com.android.dx.command.Main --dex --force-jumbo --num-threads=4 --multi-dex --output C:\Users\Administrator\AndroidStudioProjects\gongda\app\build\intermediates\transforms\dex\debug\folders\1000\10\com.android.support-appcompat-v7-23.4.0_99c98992012a0765dc0fb43a6378a44614af24e9 C:\Users\Administrator\AndroidStudioProjects\gongda\app\build\intermediates\exploded-aar\com.android.support\appcompat-v7\23.4.0\jars\classes.jar
java_class_path (initial): D:\android-sdk-windows\build-tools\24.0.1\lib\dx.jar
Launcher Type: SUN_STANDARD

Environment Variables:
JAVA_HOME=C:\Program Files\Java\jdk1.8.0
CLASSPATH=.;C:\Program Files\Java\jdk1.8.0\lib\dt.jar;C:\Program Files\Java\jdk1.8.0\lib\tools.jar;
PATH=
[error occurred during error reporting (printing environment variables), id 0xc0000005]



---------------  S Y S T E M  ---------------

OS: Windows 8.1 , 64 bit Build 9600 

CPU:total 4 (2 cores per cpu, 2 threads per core) family 6 model 60 stepping 3, cmov, cx8, fxsr, mmx, sse, sse2, sse3, ssse3, sse4.1, sse4.2, popcnt, avx, avx2, aes, clmul, erms, ht, tsc, tscinvbit

Memory: 4k page, physical 12469232k(2459392k free), swap 12469232k(168k free)

vm_info: Java HotSpot(TM) 64-Bit Server VM (25.0-b70) for windows-amd64 JRE (1.8.0-b132), built on Mar  4 2014 03:46:18 by "java_re" with MS VC++ 10.0 (VS2010)

time: Fri Sep 30 19:45:07 2016
elapsed time: 17 seconds

