#
# There is insufficient memory for the Java Runtime Environment to continue.
# Native memory allocation (malloc) failed to allocate 33554448 bytes for Chunk::new
# Possible reasons:
#   The system is out of physical RAM or swap space
#   In 32 bit mode, the process size limit was hit
# Possible solutions:
#   Reduce memory load on the system
#   Increase physical memory or swap space
#   Check if swap backing store is full
#   Use 64 bit Java on a 64 bit OS
#   Decrease Java heap size (-Xmx/-Xms)
#   Decrease number of Java threads
#   Decrease Java thread stack sizes (-Xss)
#   Set larger code cache with -XX:ReservedCodeCacheSize=
# This output file may be truncated or incomplete.
#
#  Out of Memory Error (allocation.cpp:388), pid=7676, tid=6468
#
# JRE version: Java(TM) SE Runtime Environment (8.0-b132) (build 1.8.0-b132)
# Java VM: Java HotSpot(TM) 64-Bit Server VM (25.0-b70 mixed mode windows-amd64 compressed oops)
# Failed to write core dump. Minidumps are not enabled by default on client versions of Windows
#

---------------  T H R E A D  ---------------

Current thread (0x000000001587b000):  JavaThread "C2 CompilerThread0" daemon [_thread_in_native, id=6468, stack(0x00000000171b0000,0x00000000172b0000)]

Stack: [0x00000000171b0000,0x00000000172b0000]
[error occurred during error reporting (printing stack bounds), id 0xc0000005]

Native frames: (J=compiled Java code, j=interpreted, Vv=VM code, C=native code)
V  [jvm.dll+0x308e0a]
V  [jvm.dll+0x25df11]
V  [jvm.dll+0x25eb2f]
V  [jvm.dll+0x277156]
V  [jvm.dll+0x27acc3]
V  [jvm.dll+0x59665f]
C  [msvcr100.dll+0x712e3]
V  [jvm.dll+0x595d7d]
C  [ntdll.dll+0xa991d]
C  [ntdll.dll+0x486d3]
C  [ntdll.dll+0xa8a3a]
V  [jvm.dll+0x1fddb1]


Current CompileTask:
C2:   9721 1910   !   4       com.android.dx.cf.code.Ropper::processBlock (1101 bytes)


---------------  P R O C E S S  ---------------

Java Threads: ( => current thread )
  0x0000000016f8e000 JavaThread "pool-1-thread-1" [_thread_in_Java, id=8504, stack(0x000000001bd30000,0x000000001be30000)]
  0x0000000016c0a800 JavaThread "Service Thread" daemon [_thread_blocked, id=10504, stack(0x00000000174b0000,0x00000000175b0000)]
  0x0000000016c05000 JavaThread "C1 CompilerThread2" daemon [_thread_blocked, id=4880, stack(0x00000000173b0000,0x00000000174b0000)]
  0x0000000016bfc000 JavaThread "C2 CompilerThread1" daemon [_thread_blocked, id=5204, stack(0x00000000172b0000,0x00000000173b0000)]
=>0x000000001587b000 JavaThread "C2 CompilerThread0" daemon [_thread_in_native, id=6468, stack(0x00000000171b0000,0x00000000172b0000)]
  0x000000001586f800 JavaThread "Attach Listener" daemon [_thread_blocked, id=9864, stack(0x00000000170b0000,0x00000000171b0000)]
  0x0000000016bf3800 JavaThread "Signal Dispatcher" daemon [_thread_blocked, id=7164, stack(0x0000000016fb0000,0x00000000170b0000)]
  0x0000000015828000 JavaThread "Finalizer" daemon [_thread_blocked, id=9600, stack(0x0000000016ab0000,0x0000000016bb0000)]
  0x0000000015827800 JavaThread "Reference Handler" daemon [_thread_blocked, id=11248, stack(0x00000000169b0000,0x0000000016ab0000)]
  0x000000000318d800 JavaThread "main" [_thread_blocked, id=4968, stack(0x0000000002ac0000,0x0000000002bc0000)]

Other Threads:
  0x0000000015826800 VMThread [stack: 0x00000000168b0000,0x00000000169b0000] [id=10872]
  0x0000000016c11000 WatcherThread [stack: 0x00000000175b0000,0x00000000176b0000] [id=6212]

VM state:not at safepoint (normal execution)

VM Mutex/Monitor currently owned by a thread: None

Heap:
 PSYoungGen      total 50688K, used 22958K [0x00000000eab00000, 0x00000000efb00000, 0x0000000100000000)
  eden space 44544K, 37% used [0x00000000eab00000,0x00000000ebb6efc0,0x00000000ed680000)
  from space 6144K, 99% used [0x00000000ed680000,0x00000000edc7c9a8,0x00000000edc80000)
  to   space 9728K, 0% used [0x00000000ef180000,0x00000000ef180000,0x00000000efb00000)
 ParOldGen       total 195072K, used 23691K [0x00000000c0000000, 0x00000000cbe80000, 0x00000000eab00000)
  object space 195072K, 12% used [0x00000000c0000000,0x00000000c1722fe0,0x00000000cbe80000)
 Metaspace       used 6253K, capacity 7064K, committed 7424K, reserved 1056768K
  class space    used 620K, capacity 656K, committed 768K, reserved 1048576K

Card table byte_map: [0x0000000012550000,0x0000000012760000] byte_map_base: 0x0000000011f50000

Marking Bits: (ParMarkBitMap*) 0x0000000074dc13b0
 Begin Bits: [0x0000000012cc0000, 0x0000000013cc0000)
 End Bits:   [0x0000000013cc0000, 0x0000000014cc0000)

Polling page: 0x0000000000bf0000

CodeCache: size=245760Kb used=9045Kb max_used=9061Kb free=236714Kb
 bounds [0x0000000003190000, 0x0000000003a80000, 0x0000000012190000]
 total_blobs=2403 nmethods=2136 adapters=180
 compilation: enabled

Compilation events (10 events):
Event: 9.614 Thread 0x0000000016c05000 nmethod 2159 0x0000000003a65dd0 code [0x0000000003a65fc0, 0x0000000003a66e88]
Event: 9.614 Thread 0x0000000016c05000 2160       3       com.android.dx.dex.file.FieldIdItem::getFieldRef (8 bytes)
Event: 9.614 Thread 0x0000000016c05000 nmethod 2160 0x0000000003a69450 code [0x0000000003a695c0, 0x0000000003a69890]
Event: 9.617 Thread 0x0000000016c05000 2163       3       com.android.dx.rop.type.StdTypeList::hashContents (40 bytes)
Event: 9.617 Thread 0x0000000016c05000 nmethod 2163 0x0000000003a654d0 code [0x0000000003a65660, 0x0000000003a65b88]
Event: 9.617 Thread 0x0000000016c05000 2162       3       com.android.dx.dex.file.TypeListItem::hashCode (8 bytes)
Event: 9.617 Thread 0x0000000016c05000 nmethod 2162 0x0000000003a6ac90 code [0x0000000003a6ae00, 0x0000000003a6af88]
Event: 9.639 Thread 0x0000000016bfc000 nmethod 2158 0x0000000003a6f050 code [0x0000000003a6f2a0, 0x0000000003a70680]
Event: 9.639 Thread 0x0000000016bfc000 2161       4       com.android.dx.dex.file.IndexedItem::setIndex (24 bytes)
Event: 9.639 Thread 0x0000000016bfc000 nmethod 2161 0x0000000003a54710 code [0x0000000003a54840, 0x0000000003a548b8]

GC Heap History (10 events):
Event: 4.297 GC heap before
{Heap before GC invocations=13 (full 0):
 PSYoungGen      total 20480K, used 19360K [0x00000000eab00000, 0x00000000ec200000, 0x0000000100000000)
  eden space 17408K, 100% used [0x00000000eab00000,0x00000000ebc00000,0x00000000ebc00000)
  from space 3072K, 63% used [0x00000000ebf00000,0x00000000ec0e8010,0x00000000ec200000)
  to   space 3072K, 0% used [0x00000000ebc00000,0x00000000ebc00000,0x00000000ebf00000)
 ParOldGen       total 195072K, used 6674K [0x00000000c0000000, 0x00000000cbe80000, 0x00000000eab00000)
  object space 195072K, 3% used [0x00000000c0000000,0x00000000c0684b60,0x00000000cbe80000)
 Metaspace       used 6031K, capacity 6936K, committed 7168K, reserved 1056768K
  class space    used 613K, capacity 656K, committed 768K, reserved 1048576K
Event: 4.635 GC heap after
Heap after GC invocations=13 (full 0):
 PSYoungGen      total 20480K, used 2592K [0x00000000eab00000, 0x00000000ecd80000, 0x0000000100000000)
  eden space 17408K, 0% used [0x00000000eab00000,0x00000000eab00000,0x00000000ebc00000)
  from space 3072K, 84% used [0x00000000ebc00000,0x00000000ebe88000,0x00000000ebf00000)
  to   space 3584K, 0% used [0x00000000eca00000,0x00000000eca00000,0x00000000ecd80000)
 ParOldGen       total 195072K, used 8387K [0x00000000c0000000, 0x00000000cbe80000, 0x00000000eab00000)
  object space 195072K, 4% used [0x00000000c0000000,0x00000000c0830c88,0x00000000cbe80000)
 Metaspace       used 6031K, capacity 6936K, committed 7168K, reserved 1056768K
  class space    used 613K, capacity 656K, committed 768K, reserved 1048576K
}
Event: 5.001 GC heap before
{Heap before GC invocations=14 (full 0):
 PSYoungGen      total 20480K, used 20000K [0x00000000eab00000, 0x00000000ecd80000, 0x0000000100000000)
  eden space 17408K, 100% used [0x00000000eab00000,0x00000000ebc00000,0x00000000ebc00000)
  from space 3072K, 84% used [0x00000000ebc00000,0x00000000ebe88000,0x00000000ebf00000)
  to   space 3584K, 0% used [0x00000000eca00000,0x00000000eca00000,0x00000000ecd80000)
 ParOldGen       total 195072K, used 8387K [0x00000000c0000000, 0x00000000cbe80000, 0x00000000eab00000)
  object space 195072K, 4% used [0x00000000c0000000,0x00000000c0830c88,0x00000000cbe80000)
 Metaspace       used 6046K, capacity 6936K, committed 7168K, reserved 1056768K
  class space    used 613K, capacity 656K, committed 768K, reserved 1048576K
Event: 5.157 GC heap after
Heap after GC invocations=14 (full 0):
 PSYoungGen      total 31744K, used 2848K [0x00000000eab00000, 0x00000000ecd80000, 0x0000000100000000)
  eden space 28160K, 0% used [0x00000000eab00000,0x00000000eab00000,0x00000000ec680000)
  from space 3584K, 79% used [0x00000000eca00000,0x00000000eccc8000,0x00000000ecd80000)
  to   space 3584K, 0% used [0x00000000ec680000,0x00000000ec680000,0x00000000eca00000)
 ParOldGen       total 195072K, used 10710K [0x00000000c0000000, 0x00000000cbe80000, 0x00000000eab00000)
  object space 195072K, 5% used [0x00000000c0000000,0x00000000c0a759e0,0x00000000cbe80000)
 Metaspace       used 6046K, capacity 6936K, committed 7168K, reserved 1056768K
  class space    used 613K, capacity 656K, committed 768K, reserved 1048576K
}
Event: 5.961 GC heap before
{Heap before GC invocations=15 (full 0):
 PSYoungGen      total 31744K, used 31008K [0x00000000eab00000, 0x00000000ecd80000, 0x0000000100000000)
  eden space 28160K, 100% used [0x00000000eab00000,0x00000000ec680000,0x00000000ec680000)
  from space 3584K, 79% used [0x00000000eca00000,0x00000000eccc8000,0x00000000ecd80000)
  to   space 3584K, 0% used [0x00000000ec680000,0x00000000ec680000,0x00000000eca00000)
 ParOldGen       total 195072K, used 10710K [0x00000000c0000000, 0x00000000cbe80000, 0x00000000eab00000)
  object space 195072K, 5% used [0x00000000c0000000,0x00000000c0a759e0,0x00000000cbe80000)
 Metaspace       used 6100K, capacity 7000K, committed 7168K, reserved 1056768K
  class space    used 613K, capacity 656K, committed 768K, reserved 1048576K
Event: 6.081 GC heap after
Heap after GC invocations=15 (full 0):
 PSYoungGen      total 31744K, used 3568K [0x00000000eab00000, 0x00000000ee200000, 0x0000000100000000)
  eden space 28160K, 0% used [0x00000000eab00000,0x00000000eab00000,0x00000000ec680000)
  from space 3584K, 99% used [0x00000000ec680000,0x00000000ec9fc020,0x00000000eca00000)
  to   space 5632K, 0% used [0x00000000edc80000,0x00000000edc80000,0x00000000ee200000)
 ParOldGen       total 195072K, used 14366K [0x00000000c0000000, 0x00000000cbe80000, 0x00000000eab00000)
  object space 195072K, 7% used [0x00000000c0000000,0x00000000c0e078f0,0x00000000cbe80000)
 Metaspace       used 6100K, capacity 7000K, committed 7168K, reserved 1056768K
  class space    used 613K, capacity 656K, committed 768K, reserved 1048576K
}
Event: 6.669 GC heap before
{Heap before GC invocations=16 (full 0):
 PSYoungGen      total 31744K, used 31728K [0x00000000eab00000, 0x00000000ee200000, 0x0000000100000000)
  eden space 28160K, 100% used [0x00000000eab00000,0x00000000ec680000,0x00000000ec680000)
  from space 3584K, 99% used [0x00000000ec680000,0x00000000ec9fc020,0x00000000eca00000)
  to   space 5632K, 0% used [0x00000000edc80000,0x00000000edc80000,0x00000000ee200000)
 ParOldGen       total 195072K, used 14366K [0x00000000c0000000, 0x00000000cbe80000, 0x00000000eab00000)
  object space 195072K, 7% used [0x00000000c0000000,0x00000000c0e078f0,0x00000000cbe80000)
 Metaspace       used 6115K, capacity 7000K, committed 7168K, reserved 1056768K
  class space    used 613K, capacity 656K, committed 768K, reserved 1048576K
Event: 6.685 GC heap after
Heap after GC invocations=16 (full 0):
 PSYoungGen      total 50176K, used 4928K [0x00000000eab00000, 0x00000000ee300000, 0x0000000100000000)
  eden space 44544K, 0% used [0x00000000eab00000,0x00000000eab00000,0x00000000ed680000)
  from space 5632K, 87% used [0x00000000edc80000,0x00000000ee150000,0x00000000ee200000)
  to   space 6144K, 0% used [0x00000000ed680000,0x00000000ed680000,0x00000000edc80000)
 ParOldGen       total 195072K, used 17897K [0x00000000c0000000, 0x00000000cbe80000, 0x00000000eab00000)
  object space 195072K, 9% used [0x00000000c0000000,0x00000000c117a598,0x00000000cbe80000)
 Metaspace       used 6115K, capacity 7000K, committed 7168K, reserved 1056768K
  class space    used 613K, capacity 656K, committed 768K, reserved 1048576K
}
Event: 7.341 GC heap before
{Heap before GC invocations=17 (full 0):
 PSYoungGen      total 50176K, used 49472K [0x00000000eab00000, 0x00000000ee300000, 0x0000000100000000)
  eden space 44544K, 100% used [0x00000000eab00000,0x00000000ed680000,0x00000000ed680000)
  from space 5632K, 87% used [0x00000000edc80000,0x00000000ee150000,0x00000000ee200000)
  to   space 6144K, 0% used [0x00000000ed680000,0x00000000ed680000,0x00000000edc80000)
 ParOldGen       total 195072K, used 17897K [0x00000000c0000000, 0x00000000cbe80000, 0x00000000eab00000)
  object space 195072K, 9% used [0x00000000c0000000,0x00000000c117a598,0x00000000cbe80000)
 Metaspace       used 6135K, capacity 7000K, committed 7168K, reserved 1056768K
  class space    used 613K, capacity 656K, committed 768K, reserved 1048576K
Event: 7.802 GC heap after
Heap after GC invocations=17 (full 0):
 PSYoungGen      total 50688K, used 6130K [0x00000000eab00000, 0x00000000efb00000, 0x0000000100000000)
  eden space 44544K, 0% used [0x00000000eab00000,0x00000000eab00000,0x00000000ed680000)
  from space 6144K, 99% used [0x00000000ed680000,0x00000000edc7c9a8,0x00000000edc80000)
  to   space 9728K, 0% used [0x00000000ef180000,0x00000000ef180000,0x00000000efb00000)
 ParOldGen       total 195072K, used 23691K [0x00000000c0000000, 0x00000000cbe80000, 0x00000000eab00000)
  object space 195072K, 12% used [0x00000000c0000000,0x00000000c1722fe0,0x00000000cbe80000)
 Metaspace       used 6135K, capacity 7000K, committed 7168K, reserved 1056768K
  class space    used 613K, capacity 656K, committed 768K, reserved 1048576K
}

Deoptimization events (10 events):
Event: 6.527 Thread 0x0000000016f90000 Uncommon trap: reason=unreached action=reinterpret pc=0x0000000003408fd4 method=java.util.HashMap.getNode(ILjava/lang/Object;)Ljava/util/HashMap$Node; @ 84
Event: 6.527 Thread 0x0000000016f90000 Uncommon trap: reason=unreached action=reinterpret pc=0x0000000003874f10 method=java.util.HashMap.putVal(ILjava/lang/Object;Ljava/lang/Object;ZZ)Ljava/lang/Object; @ 109
Event: 6.702 Thread 0x0000000016f90000 Uncommon trap: reason=bimorphic action=maybe_recompile pc=0x00000000038aa110 method=com.android.dx.rop.code.RegisterSpec.withSimpleType()Lcom/android/dx/rop/code/RegisterSpec; @ 21
Event: 6.888 Thread 0x0000000016e76000 Uncommon trap: reason=bimorphic action=maybe_recompile pc=0x00000000038aa110 method=com.android.dx.rop.code.RegisterSpec.withSimpleType()Lcom/android/dx/rop/code/RegisterSpec; @ 21
Event: 6.888 Thread 0x0000000016e76000 Uncommon trap: reason=unreached action=reinterpret pc=0x00000000038a9eac method=com.android.dx.ssa.LocalVariableExtractor.processBlock(I)V @ 251
Event: 8.878 Thread 0x0000000016f8e000 Uncommon trap: reason=class_check action=maybe_recompile pc=0x0000000003648ee0 method=java.util.Arrays.hashCode([Ljava/lang/Object;)I @ 43
Event: 8.878 Thread 0x0000000016f8e000 Uncommon trap: reason=class_check action=maybe_recompile pc=0x0000000003648ee0 method=java.util.Arrays.hashCode([Ljava/lang/Object;)I @ 43
Event: 8.878 Thread 0x0000000016f8e000 Uncommon trap: reason=class_check action=maybe_recompile pc=0x0000000003648ee0 method=java.util.Arrays.hashCode([Ljava/lang/Object;)I @ 43
Event: 8.878 Thread 0x0000000016f8e000 Uncommon trap: reason=class_check action=maybe_recompile pc=0x0000000003648ee0 method=java.util.Arrays.hashCode([Ljava/lang/Object;)I @ 43
Event: 8.878 Thread 0x0000000016f8e000 Uncommon trap: reason=class_check action=maybe_recompile pc=0x000000000363a800 method=java.util.Arrays.hashCode([Ljava/lang/Object;)I @ 43

Internal exceptions (10 events):
Event: 2.185 Thread 0x000000000318d800 Implicit null exception at 0x0000000003504e05 to 0x00000000035078ad
Event: 2.225 Thread 0x0000000016f8f800 Exception <a 'java/security/PrivilegedActionException'> (0x00000000eb1239b0) thrown at [D:\re\workspace\8-2-build-windows-amd64-cygwin\jdk8\2238\hotspot\src\share\vm\prims\jvm.cpp, line 1248]
Event: 4.065 Thread 0x0000000016f8f800 Exception <a 'java/lang/ArrayIndexOutOfBoundsException': 18> (0x00000000eb6f9b60) thrown at [D:\re\workspace\8-2-build-windows-amd64-cygwin\jdk8\2238\hotspot\src\share\vm\interpreter\interpreterRuntime.cpp, line 337]
Event: 4.065 Thread 0x0000000016f8f800 Exception <a 'java/lang/ArrayIndexOutOfBoundsException': 145> (0x00000000eb6fb5f8) thrown at [D:\re\workspace\8-2-build-windows-amd64-cygwin\jdk8\2238\hotspot\src\share\vm\interpreter\interpreterRuntime.cpp, line 337]
Event: 4.066 Thread 0x0000000016f8f800 Exception <a 'java/lang/ArrayIndexOutOfBoundsException'> (0x00000000eb6fc810) thrown at [D:\re\workspace\8-2-build-windows-amd64-cygwin\jdk8\2238\hotspot\src\share\vm\runtime\sharedRuntime.cpp, line 595]
Event: 5.311 Thread 0x0000000016f90000 Exception <a 'java/security/PrivilegedActionException'> (0x00000000eacdf290) thrown at [D:\re\workspace\8-2-build-windows-amd64-cygwin\jdk8\2238\hotspot\src\share\vm\prims\jvm.cpp, line 1248]
Event: 8.026 Thread 0x000000000318d800 Exception <a 'java/security/PrivilegedActionException'> (0x00000000eb6c54f0) thrown at [D:\re\workspace\8-2-build-windows-amd64-cygwin\jdk8\2238\hotspot\src\share\vm\prims\jvm.cpp, line 1248]
Event: 8.879 Thread 0x0000000016f8e000 Exception <a 'java/security/PrivilegedActionException'> (0x00000000eb857320) thrown at [D:\re\workspace\8-2-build-windows-amd64-cygwin\jdk8\2238\hotspot\src\share\vm\prims\jvm.cpp, line 1248]
Event: 8.989 Thread 0x0000000016f8e000 Exception <a 'java/security/PrivilegedActionException'> (0x00000000eb8dc058) thrown at [D:\re\workspace\8-2-build-windows-amd64-cygwin\jdk8\2238\hotspot\src\share\vm\prims\jvm.cpp, line 1248]
Event: 9.484 Thread 0x0000000016f8e000 Exception <a 'java/security/PrivilegedActionException'> (0x00000000ebae5d40) thrown at [D:\re\workspace\8-2-build-windows-amd64-cygwin\jdk8\2238\hotspot\src\share\vm\prims\jvm.cpp, line 1248]

Events (10 events):
Event: 8.878 Thread 0x0000000016f8e000 DEOPT PACKING pc=0x000000000363a800 sp=0x000000001be2ea90
Event: 8.878 Thread 0x0000000016f8e000 DEOPT UNPACKING pc=0x00000000031d55af sp=0x000000001be2ea18 mode 2
Event: 8.879 loading class com/android/dx/rop/cst/Zeroes
Event: 8.879 loading class com/android/dx/rop/cst/Zeroes done
Event: 8.909 Thread 0x0000000016f8e000 DEOPT PACKING pc=0x000000000339bb08 sp=0x000000001be2eb20
Event: 8.909 Thread 0x0000000016f8e000 DEOPT UNPACKING pc=0x00000000031d7604 sp=0x000000001be2e878 mode 0
Event: 8.989 loading class com/android/dx/dex/file/CatchStructs
Event: 8.989 loading class com/android/dx/dex/file/CatchStructs done
Event: 9.484 loading class com/android/dx/dex/file/ProtoIdItem
Event: 9.484 loading class com/android/dx/dex/file/ProtoIdItem done


Dynamic libraries:
0x00007ff6ef080000 - 0x00007ff6ef0b4000 	C:\Program Files\Java\jdk1.8.0\bin\java.exe
0x00007ffc84760000 - 0x00007ffc84931000 	C:\WINDOWS\SYSTEM32\ntdll.dll
0x00007ffc846a0000 - 0x00007ffc8474b000 	C:\WINDOWS\System32\KERNEL32.DLL
0x00007ffc81900000 - 0x00007ffc81b1d000 	C:\WINDOWS\System32\KERNELBASE.dll
0x00007ffc842d0000 - 0x00007ffc84372000 	C:\WINDOWS\System32\ADVAPI32.dll
0x00007ffc84380000 - 0x00007ffc8441e000 	C:\WINDOWS\System32\msvcrt.dll
0x00007ffc84270000 - 0x00007ffc842c9000 	C:\WINDOWS\System32\sechost.dll
0x00007ffc81d10000 - 0x00007ffc81e31000 	C:\WINDOWS\System32\RPCRT4.dll
0x00007ffc83fd0000 - 0x00007ffc84135000 	C:\WINDOWS\System32\USER32.dll
0x00007ffc81bc0000 - 0x00007ffc81bde000 	C:\WINDOWS\System32\win32u.dll
0x00007ffc81e40000 - 0x00007ffc81e74000 	C:\WINDOWS\System32\GDI32.dll
0x00007ffc80f20000 - 0x00007ffc810a2000 	C:\WINDOWS\System32\gdi32full.dll
0x00007ffc77ab0000 - 0x00007ffc77d29000 	C:\WINDOWS\WinSxS\amd64_microsoft.windows.common-controls_6595b64144ccf1df_6.0.14393.0_none_2d0f50fcbdb171b8\COMCTL32.dll
0x00007ffc83d00000 - 0x00007ffc83fc7000 	C:\WINDOWS\System32\combase.dll
0x00007ffc80c50000 - 0x00007ffc80d45000 	C:\WINDOWS\System32\ucrtbase.dll
0x00007ffc81160000 - 0x00007ffc811ca000 	C:\WINDOWS\System32\bcryptPrimitives.dll
0x00007ffc84240000 - 0x00007ffc8426e000 	C:\WINDOWS\System32\IMM32.DLL
0x0000000074e40000 - 0x0000000074f12000 	C:\Program Files\Java\jdk1.8.0\jre\bin\msvcr100.dll
0x0000000074610000 - 0x0000000074e3a000 	C:\Program Files\Java\jdk1.8.0\jre\bin\server\jvm.dll
0x00007ffc84420000 - 0x00007ffc84428000 	C:\WINDOWS\System32\PSAPI.DLL
0x00007ffc69e60000 - 0x00007ffc69e69000 	C:\WINDOWS\SYSTEM32\WSOCK32.dll
0x00007ffc83c90000 - 0x00007ffc83cfa000 	C:\WINDOWS\System32\WS2_32.dll
0x00007ffc7eaa0000 - 0x00007ffc7eac3000 	C:\WINDOWS\SYSTEM32\WINMM.dll
0x00007ffc7ea70000 - 0x00007ffc7ea9b000 	C:\WINDOWS\SYSTEM32\WINMMBASE.dll
0x00007ffc811d0000 - 0x00007ffc81212000 	C:\WINDOWS\System32\cfgmgr32.dll
0x0000000074600000 - 0x000000007460f000 	C:\Program Files\Java\jdk1.8.0\jre\bin\verify.dll
0x00000000745d0000 - 0x00000000745f8000 	C:\Program Files\Java\jdk1.8.0\jre\bin\java.dll
0x00000000745b0000 - 0x00000000745c6000 	C:\Program Files\Java\jdk1.8.0\jre\bin\zip.dll
0x00007ffc82620000 - 0x00007ffc83b28000 	C:\WINDOWS\System32\SHELL32.dll
0x00007ffc81220000 - 0x00007ffc818fa000 	C:\WINDOWS\System32\windows.storage.dll
0x00007ffc80be0000 - 0x00007ffc80c2c000 	C:\WINDOWS\System32\powrprof.dll
0x00007ffc841e0000 - 0x00007ffc84232000 	C:\WINDOWS\System32\shlwapi.dll
0x00007ffc80c40000 - 0x00007ffc80c4f000 	C:\WINDOWS\System32\kernel.appcore.dll
0x00007ffc81c40000 - 0x00007ffc81ce9000 	C:\WINDOWS\System32\shcore.dll
0x00007ffc80bc0000 - 0x00007ffc80bd4000 	C:\WINDOWS\System32\profapi.dll
0x00007ffc6f680000 - 0x00007ffc6f812000 	C:\WINDOWS\SYSTEM32\dbghelp.dll

VM Arguments:
jvm_args: -Djava.awt.headless=true -Xmx1024M -Dfile.encoding=GBK -Duser.country=CN -Duser.language=zh -Duser.variant 
java_command: com.android.dx.command.Main --dex --force-jumbo --num-threads=4 --multi-dex --output C:\Users\Administrator\AndroidStudioProjects\gongda\app\build\intermediates\transforms\dex\debug\folders\1000\10\glide-3.7.0_1f3ddf859a86296da03fddcf50d19f29d652df81 C:\Users\Administrator\.gradle\caches\modules-2\files-2.1\com.github.bumptech.glide\glide\3.7.0\9e9eeaf9948ee4d6c3ab354e8dc14368f16994a4\glide-3.7.0.jar
java_class_path (initial): D:\android-sdk-windows\build-tools\24.0.1\lib\dx.jar
Launcher Type: SUN_STANDARD

Environment Variables:
JAVA_HOME=C:\Program Files\Java\jdk1.8.0
CLASSPATH=.;C:\Program Files\Java\jdk1.8.0\lib\dt.jar;C:\Program Files\Java\jdk1.8.0\lib\tools.jar;
PATH=
[error occurred during error reporting (printing environment variables), id 0xc0000005]



---------------  S Y S T E M  ---------------

OS: Windows 8.1 , 64 bit Build 9600 

CPU:total 4 (2 cores per cpu, 2 threads per core) family 6 model 60 stepping 3, cmov, cx8, fxsr, mmx, sse, sse2, sse3, ssse3, sse4.1, sse4.2, popcnt, avx, avx2, aes, clmul, erms, ht, tsc, tscinvbit

Memory: 4k page, physical 12469232k(3118932k free), swap 12469232k(26600k free)

vm_info: Java HotSpot(TM) 64-Bit Server VM (25.0-b70) for windows-amd64 JRE (1.8.0-b132), built on Mar  4 2014 03:46:18 by "java_re" with MS VC++ 10.0 (VS2010)

time: Tue Sep 27 17:43:09 2016
elapsed time: 9 seconds

